2020-08-24 17:04:34,113 ERROR [errorlog] java.lang.ClassNotFoundException: com.eviware.soapui.plugins.auto.factories.AutoImportMethodFactory
java.lang.ClassNotFoundException: com.eviware.soapui.plugins.auto.factories.AutoImportMethodFactory
	at org.codehaus.plexus.classworlds.strategy.SelfFirstStrategy.loadClass(SelfFirstStrategy.java:50)
	at org.codehaus.plexus.classworlds.realm.ClassRealm.unsynchronizedLoadClass(ClassRealm.java:271)
	at org.codehaus.plexus.classworlds.realm.ClassRealm.loadClass(ClassRealm.java:247)
	at org.codehaus.plexus.classworlds.realm.ClassRealm.loadClass(ClassRealm.java:239)
	at java.lang.Class.forName0(Native Method)
	at java.lang.Class.forName(Class.java:264)
	at com.eviware.soapui.plugins.LoaderBase.loadAutoFactories(LoaderBase.java:113)
	at com.eviware.soapui.plugins.LoaderBase.loadFactories(LoaderBase.java:80)
	at com.eviware.soapui.plugins.PluginLoader.loadPluginFactories(PluginLoader.java:141)
	at com.eviware.soapui.plugins.PluginLoader.loadPlugin(PluginLoader.java:104)
	at com.eviware.soapui.plugins.PluginLoader.loadPlugin(PluginLoader.java:54)
	at com.eviware.soapui.plugins.PluginManager.doInstallPlugin(PluginManager.java:141)
	at com.eviware.soapui.plugins.PluginManager.access$600(PluginManager.java:43)
	at com.eviware.soapui.plugins.PluginManager$LoadPluginsTask.computeSequentially(PluginManager.java:420)
	at com.eviware.soapui.plugins.PluginManager$LoadPluginsTask.compute(PluginManager.java:377)
	at com.eviware.soapui.plugins.PluginManager$LoadPluginsTask.compute(PluginManager.java:382)
	at com.eviware.soapui.plugins.PluginManager$LoadPluginsTask.compute(PluginManager.java:365)
	at java.util.concurrent.RecursiveTask.exec(RecursiveTask.java:94)
	at java.util.concurrent.ForkJoinTask.doExec(ForkJoinTask.java:289)
	at java.util.concurrent.ForkJoinPool$WorkQueue.runTask(ForkJoinPool.java:1056)
	at java.util.concurrent.ForkJoinPool.runWorker(ForkJoinPool.java:1692)
	at java.util.concurrent.ForkJoinWorkerThread.run(ForkJoinWorkerThread.java:172)
2020-08-24 17:04:34,334 ERROR [errorlog] java.lang.ClassNotFoundException: com.eviware.soapui.plugins.auto.factories.AutoDiscoveryMethodFactory
java.lang.ClassNotFoundException: com.eviware.soapui.plugins.auto.factories.AutoDiscoveryMethodFactory
	at org.codehaus.plexus.classworlds.strategy.SelfFirstStrategy.loadClass(SelfFirstStrategy.java:50)
	at org.codehaus.plexus.classworlds.realm.ClassRealm.unsynchronizedLoadClass(ClassRealm.java:271)
	at org.codehaus.plexus.classworlds.realm.ClassRealm.loadClass(ClassRealm.java:247)
	at org.codehaus.plexus.classworlds.realm.ClassRealm.loadClass(ClassRealm.java:239)
	at java.lang.Class.forName0(Native Method)
	at java.lang.Class.forName(Class.java:264)
	at com.eviware.soapui.plugins.LoaderBase.loadAutoFactories(LoaderBase.java:113)
	at com.eviware.soapui.plugins.LoaderBase.loadFactories(LoaderBase.java:80)
	at com.eviware.soapui.plugins.PluginLoader.loadPluginFactories(PluginLoader.java:141)
	at com.eviware.soapui.plugins.PluginLoader.loadPlugin(PluginLoader.java:104)
	at com.eviware.soapui.plugins.PluginLoader.loadPlugin(PluginLoader.java:54)
	at com.eviware.soapui.plugins.PluginManager.doInstallPlugin(PluginManager.java:141)
	at com.eviware.soapui.plugins.PluginManager.access$600(PluginManager.java:43)
	at com.eviware.soapui.plugins.PluginManager$LoadPluginsTask.computeSequentially(PluginManager.java:420)
	at com.eviware.soapui.plugins.PluginManager$LoadPluginsTask.compute(PluginManager.java:377)
	at com.eviware.soapui.plugins.PluginManager$LoadPluginsTask.compute(PluginManager.java:382)
	at com.eviware.soapui.plugins.PluginManager$LoadPluginsTask.compute(PluginManager.java:365)
	at java.util.concurrent.RecursiveTask.exec(RecursiveTask.java:94)
	at java.util.concurrent.ForkJoinTask.doExec(ForkJoinTask.java:289)
	at java.util.concurrent.ForkJoinPool$WorkQueue.runTask(ForkJoinPool.java:1056)
	at java.util.concurrent.ForkJoinPool.runWorker(ForkJoinPool.java:1692)
	at java.util.concurrent.ForkJoinWorkerThread.run(ForkJoinWorkerThread.java:172)
2020-08-24 17:04:34,492 ERROR [errorlog] java.lang.ClassNotFoundException: com.eviware.soapui.plugins.auto.factories.AutoImportMethodFactory
java.lang.ClassNotFoundException: com.eviware.soapui.plugins.auto.factories.AutoImportMethodFactory
	at org.codehaus.plexus.classworlds.strategy.SelfFirstStrategy.loadClass(SelfFirstStrategy.java:50)
	at org.codehaus.plexus.classworlds.realm.ClassRealm.unsynchronizedLoadClass(ClassRealm.java:271)
	at org.codehaus.plexus.classworlds.realm.ClassRealm.loadClass(ClassRealm.java:247)
	at org.codehaus.plexus.classworlds.realm.ClassRealm.loadClass(ClassRealm.java:239)
	at java.lang.Class.forName0(Native Method)
	at java.lang.Class.forName(Class.java:264)
	at com.eviware.soapui.plugins.LoaderBase.loadAutoFactories(LoaderBase.java:113)
	at com.eviware.soapui.plugins.LoaderBase.loadFactories(LoaderBase.java:80)
	at com.eviware.soapui.plugins.PluginLoader.loadPluginFactories(PluginLoader.java:141)
	at com.eviware.soapui.plugins.PluginLoader.loadPlugin(PluginLoader.java:104)
	at com.eviware.soapui.plugins.PluginLoader.loadPlugin(PluginLoader.java:54)
	at com.eviware.soapui.plugins.PluginManager.doInstallPlugin(PluginManager.java:141)
	at com.eviware.soapui.plugins.PluginManager.access$600(PluginManager.java:43)
	at com.eviware.soapui.plugins.PluginManager$LoadPluginsTask.computeSequentially(PluginManager.java:420)
	at com.eviware.soapui.plugins.PluginManager$LoadPluginsTask.compute(PluginManager.java:377)
	at com.eviware.soapui.plugins.PluginManager$LoadPluginsTask.compute(PluginManager.java:365)
	at java.util.concurrent.RecursiveTask.exec(RecursiveTask.java:94)
	at java.util.concurrent.ForkJoinTask.doExec(ForkJoinTask.java:289)
	at java.util.concurrent.ForkJoinPool$WorkQueue.runTask(ForkJoinPool.java:1056)
	at java.util.concurrent.ForkJoinPool.runWorker(ForkJoinPool.java:1692)
	at java.util.concurrent.ForkJoinWorkerThread.run(ForkJoinWorkerThread.java:172)
2020-08-24 17:04:34,766 ERROR [errorlog] java.lang.ClassNotFoundException: com.eviware.soapui.plugins.auto.factories.AutoDiscoveryMethodFactory
java.lang.ClassNotFoundException: com.eviware.soapui.plugins.auto.factories.AutoDiscoveryMethodFactory
	at org.codehaus.plexus.classworlds.strategy.SelfFirstStrategy.loadClass(SelfFirstStrategy.java:50)
	at org.codehaus.plexus.classworlds.realm.ClassRealm.unsynchronizedLoadClass(ClassRealm.java:271)
	at org.codehaus.plexus.classworlds.realm.ClassRealm.loadClass(ClassRealm.java:247)
	at org.codehaus.plexus.classworlds.realm.ClassRealm.loadClass(ClassRealm.java:239)
	at java.lang.Class.forName0(Native Method)
	at java.lang.Class.forName(Class.java:264)
	at com.eviware.soapui.plugins.LoaderBase.loadAutoFactories(LoaderBase.java:113)
	at com.eviware.soapui.plugins.LoaderBase.loadFactories(LoaderBase.java:80)
	at com.eviware.soapui.plugins.PluginLoader.loadPluginFactories(PluginLoader.java:141)
	at com.eviware.soapui.plugins.PluginLoader.loadPlugin(PluginLoader.java:104)
	at com.eviware.soapui.plugins.PluginLoader.loadPlugin(PluginLoader.java:54)
	at com.eviware.soapui.plugins.PluginManager.doInstallPlugin(PluginManager.java:141)
	at com.eviware.soapui.plugins.PluginManager.access$600(PluginManager.java:43)
	at com.eviware.soapui.plugins.PluginManager$LoadPluginsTask.computeSequentially(PluginManager.java:420)
	at com.eviware.soapui.plugins.PluginManager$LoadPluginsTask.compute(PluginManager.java:377)
	at com.eviware.soapui.plugins.PluginManager$LoadPluginsTask.compute(PluginManager.java:365)
	at java.util.concurrent.RecursiveTask.exec(RecursiveTask.java:94)
	at java.util.concurrent.ForkJoinTask.doExec(ForkJoinTask.java:289)
	at java.util.concurrent.ForkJoinPool$WorkQueue.runTask(ForkJoinPool.java:1056)
	at java.util.concurrent.ForkJoinPool.runWorker(ForkJoinPool.java:1692)
	at java.util.concurrent.ForkJoinWorkerThread.run(ForkJoinWorkerThread.java:172)
2020-08-24 17:04:35,213 ERROR [errorlog] java.lang.ClassNotFoundException: com.eviware.soapui.plugins.auto.factories.AutoImportMethodFactory
java.lang.ClassNotFoundException: com.eviware.soapui.plugins.auto.factories.AutoImportMethodFactory
	at org.codehaus.plexus.classworlds.strategy.SelfFirstStrategy.loadClass(SelfFirstStrategy.java:50)
	at org.codehaus.plexus.classworlds.realm.ClassRealm.unsynchronizedLoadClass(ClassRealm.java:271)
	at org.codehaus.plexus.classworlds.realm.ClassRealm.loadClass(ClassRealm.java:247)
	at org.codehaus.plexus.classworlds.realm.ClassRealm.loadClass(ClassRealm.java:239)
	at java.lang.Class.forName0(Native Method)
	at java.lang.Class.forName(Class.java:264)
	at com.eviware.soapui.plugins.LoaderBase.loadAutoFactories(LoaderBase.java:113)
	at com.eviware.soapui.plugins.LoaderBase.loadFactories(LoaderBase.java:80)
	at com.eviware.soapui.plugins.PluginLoader.loadPluginFactories(PluginLoader.java:141)
	at com.eviware.soapui.plugins.PluginLoader.loadPlugin(PluginLoader.java:104)
	at com.eviware.soapui.plugins.PluginLoader.loadPlugin(PluginLoader.java:54)
	at com.eviware.soapui.plugins.PluginManager.doInstallPlugin(PluginManager.java:141)
	at com.eviware.soapui.plugins.PluginManager.access$600(PluginManager.java:43)
	at com.eviware.soapui.plugins.PluginManager$LoadPluginsTask.computeSequentially(PluginManager.java:420)
	at com.eviware.soapui.plugins.PluginManager$LoadPluginsTask.compute(PluginManager.java:377)
	at com.eviware.soapui.plugins.PluginManager$LoadPluginsTask.compute(PluginManager.java:382)
	at com.eviware.soapui.plugins.PluginManager$LoadPluginsTask.compute(PluginManager.java:365)
	at java.util.concurrent.RecursiveTask.exec(RecursiveTask.java:94)
	at java.util.concurrent.ForkJoinTask.doExec(ForkJoinTask.java:289)
	at java.util.concurrent.ForkJoinPool$WorkQueue.runTask(ForkJoinPool.java:1056)
	at java.util.concurrent.ForkJoinPool.runWorker(ForkJoinPool.java:1692)
	at java.util.concurrent.ForkJoinWorkerThread.run(ForkJoinWorkerThread.java:172)
2020-08-24 17:04:35,364 ERROR [errorlog] java.lang.ClassNotFoundException: com.eviware.soapui.plugins.auto.factories.AutoDiscoveryMethodFactory
java.lang.ClassNotFoundException: com.eviware.soapui.plugins.auto.factories.AutoDiscoveryMethodFactory
	at org.codehaus.plexus.classworlds.strategy.SelfFirstStrategy.loadClass(SelfFirstStrategy.java:50)
	at org.codehaus.plexus.classworlds.realm.ClassRealm.unsynchronizedLoadClass(ClassRealm.java:271)
	at org.codehaus.plexus.classworlds.realm.ClassRealm.loadClass(ClassRealm.java:247)
	at org.codehaus.plexus.classworlds.realm.ClassRealm.loadClass(ClassRealm.java:239)
	at java.lang.Class.forName0(Native Method)
	at java.lang.Class.forName(Class.java:264)
	at com.eviware.soapui.plugins.LoaderBase.loadAutoFactories(LoaderBase.java:113)
	at com.eviware.soapui.plugins.LoaderBase.loadFactories(LoaderBase.java:80)
	at com.eviware.soapui.plugins.PluginLoader.loadPluginFactories(PluginLoader.java:141)
	at com.eviware.soapui.plugins.PluginLoader.loadPlugin(PluginLoader.java:104)
	at com.eviware.soapui.plugins.PluginLoader.loadPlugin(PluginLoader.java:54)
	at com.eviware.soapui.plugins.PluginManager.doInstallPlugin(PluginManager.java:141)
	at com.eviware.soapui.plugins.PluginManager.access$600(PluginManager.java:43)
	at com.eviware.soapui.plugins.PluginManager$LoadPluginsTask.computeSequentially(PluginManager.java:420)
	at com.eviware.soapui.plugins.PluginManager$LoadPluginsTask.compute(PluginManager.java:377)
	at com.eviware.soapui.plugins.PluginManager$LoadPluginsTask.compute(PluginManager.java:382)
	at com.eviware.soapui.plugins.PluginManager$LoadPluginsTask.compute(PluginManager.java:365)
	at java.util.concurrent.RecursiveTask.exec(RecursiveTask.java:94)
	at java.util.concurrent.ForkJoinTask.doExec(ForkJoinTask.java:289)
	at java.util.concurrent.ForkJoinPool$WorkQueue.runTask(ForkJoinPool.java:1056)
	at java.util.concurrent.ForkJoinPool.runWorker(ForkJoinPool.java:1692)
	at java.util.concurrent.ForkJoinWorkerThread.run(ForkJoinWorkerThread.java:172)
2020-08-24 17:04:35,989 ERROR [errorlog] java.lang.ClassNotFoundException: com.eviware.soapui.plugins.auto.factories.AutoImportMethodFactory
java.lang.ClassNotFoundException: com.eviware.soapui.plugins.auto.factories.AutoImportMethodFactory
	at org.codehaus.plexus.classworlds.strategy.SelfFirstStrategy.loadClass(SelfFirstStrategy.java:50)
	at org.codehaus.plexus.classworlds.realm.ClassRealm.unsynchronizedLoadClass(ClassRealm.java:271)
	at org.codehaus.plexus.classworlds.realm.ClassRealm.loadClass(ClassRealm.java:247)
	at org.codehaus.plexus.classworlds.realm.ClassRealm.loadClass(ClassRealm.java:239)
	at java.lang.Class.forName0(Native Method)
	at java.lang.Class.forName(Class.java:264)
	at com.eviware.soapui.plugins.LoaderBase.loadAutoFactories(LoaderBase.java:113)
	at com.eviware.soapui.plugins.LoaderBase.loadFactories(LoaderBase.java:80)
	at com.eviware.soapui.plugins.PluginLoader.loadPluginFactories(PluginLoader.java:141)
	at com.eviware.soapui.plugins.PluginLoader.loadPlugin(PluginLoader.java:104)
	at com.eviware.soapui.plugins.PluginLoader.loadPlugin(PluginLoader.java:54)
	at com.eviware.soapui.plugins.PluginManager.doInstallPlugin(PluginManager.java:141)
	at com.eviware.soapui.plugins.PluginManager.access$600(PluginManager.java:43)
	at com.eviware.soapui.plugins.PluginManager$LoadPluginsTask.computeSequentially(PluginManager.java:420)
	at com.eviware.soapui.plugins.PluginManager$LoadPluginsTask.compute(PluginManager.java:377)
	at com.eviware.soapui.plugins.PluginManager$LoadPluginsTask.compute(PluginManager.java:382)
	at com.eviware.soapui.plugins.PluginManager$LoadPluginsTask.compute(PluginManager.java:365)
	at java.util.concurrent.RecursiveTask.exec(RecursiveTask.java:94)
	at java.util.concurrent.ForkJoinTask.doExec(ForkJoinTask.java:289)
	at java.util.concurrent.ForkJoinPool$WorkQueue.runTask(ForkJoinPool.java:1056)
	at java.util.concurrent.ForkJoinPool.runWorker(ForkJoinPool.java:1692)
	at java.util.concurrent.ForkJoinWorkerThread.run(ForkJoinWorkerThread.java:172)
2020-08-24 17:04:36,150 ERROR [errorlog] java.lang.ClassNotFoundException: com.eviware.soapui.plugins.auto.factories.AutoDiscoveryMethodFactory
java.lang.ClassNotFoundException: com.eviware.soapui.plugins.auto.factories.AutoDiscoveryMethodFactory
	at org.codehaus.plexus.classworlds.strategy.SelfFirstStrategy.loadClass(SelfFirstStrategy.java:50)
	at org.codehaus.plexus.classworlds.realm.ClassRealm.unsynchronizedLoadClass(ClassRealm.java:271)
	at org.codehaus.plexus.classworlds.realm.ClassRealm.loadClass(ClassRealm.java:247)
	at org.codehaus.plexus.classworlds.realm.ClassRealm.loadClass(ClassRealm.java:239)
	at java.lang.Class.forName0(Native Method)
	at java.lang.Class.forName(Class.java:264)
	at com.eviware.soapui.plugins.LoaderBase.loadAutoFactories(LoaderBase.java:113)
	at com.eviware.soapui.plugins.LoaderBase.loadFactories(LoaderBase.java:80)
	at com.eviware.soapui.plugins.PluginLoader.loadPluginFactories(PluginLoader.java:141)
	at com.eviware.soapui.plugins.PluginLoader.loadPlugin(PluginLoader.java:104)
	at com.eviware.soapui.plugins.PluginLoader.loadPlugin(PluginLoader.java:54)
	at com.eviware.soapui.plugins.PluginManager.doInstallPlugin(PluginManager.java:141)
	at com.eviware.soapui.plugins.PluginManager.access$600(PluginManager.java:43)
	at com.eviware.soapui.plugins.PluginManager$LoadPluginsTask.computeSequentially(PluginManager.java:420)
	at com.eviware.soapui.plugins.PluginManager$LoadPluginsTask.compute(PluginManager.java:377)
	at com.eviware.soapui.plugins.PluginManager$LoadPluginsTask.compute(PluginManager.java:382)
	at com.eviware.soapui.plugins.PluginManager$LoadPluginsTask.compute(PluginManager.java:365)
	at java.util.concurrent.RecursiveTask.exec(RecursiveTask.java:94)
	at java.util.concurrent.ForkJoinTask.doExec(ForkJoinTask.java:289)
	at java.util.concurrent.ForkJoinPool$WorkQueue.runTask(ForkJoinPool.java:1056)
	at java.util.concurrent.ForkJoinPool.runWorker(ForkJoinPool.java:1692)
	at java.util.concurrent.ForkJoinWorkerThread.run(ForkJoinWorkerThread.java:172)
2020-08-24 17:05:45,587 ERROR [errorlog] java.lang.ClassNotFoundException: com.eviware.soapui.plugins.auto.factories.AutoDiscoveryMethodFactory
java.lang.ClassNotFoundException: com.eviware.soapui.plugins.auto.factories.AutoDiscoveryMethodFactory
	at org.codehaus.plexus.classworlds.strategy.SelfFirstStrategy.loadClass(SelfFirstStrategy.java:50)
	at org.codehaus.plexus.classworlds.realm.ClassRealm.unsynchronizedLoadClass(ClassRealm.java:271)
	at org.codehaus.plexus.classworlds.realm.ClassRealm.loadClass(ClassRealm.java:247)
	at org.codehaus.plexus.classworlds.realm.ClassRealm.loadClass(ClassRealm.java:239)
	at java.lang.Class.forName0(Native Method)
	at java.lang.Class.forName(Class.java:264)
	at com.eviware.soapui.plugins.LoaderBase.loadAutoFactories(LoaderBase.java:113)
	at com.eviware.soapui.plugins.LoaderBase.loadFactories(LoaderBase.java:80)
	at com.eviware.soapui.plugins.PluginLoader.loadPluginFactories(PluginLoader.java:141)
	at com.eviware.soapui.plugins.PluginLoader.loadPlugin(PluginLoader.java:104)
	at com.eviware.soapui.plugins.PluginLoader.loadPlugin(PluginLoader.java:54)
	at com.eviware.soapui.plugins.PluginManager.doInstallPlugin(PluginManager.java:141)
	at com.eviware.soapui.plugins.PluginManager.access$600(PluginManager.java:43)
	at com.eviware.soapui.plugins.PluginManager$LoadPluginsTask.computeSequentially(PluginManager.java:420)
	at com.eviware.soapui.plugins.PluginManager$LoadPluginsTask.compute(PluginManager.java:377)
	at com.eviware.soapui.plugins.PluginManager$LoadPluginsTask.compute(PluginManager.java:382)
	at com.eviware.soapui.plugins.PluginManager$LoadPluginsTask.compute(PluginManager.java:365)
	at java.util.concurrent.RecursiveTask.exec(RecursiveTask.java:94)
	at java.util.concurrent.ForkJoinTask.doExec(ForkJoinTask.java:289)
	at java.util.concurrent.ForkJoinPool$WorkQueue.runTask(ForkJoinPool.java:1056)
	at java.util.concurrent.ForkJoinPool.runWorker(ForkJoinPool.java:1692)
	at java.util.concurrent.ForkJoinWorkerThread.run(ForkJoinWorkerThread.java:172)
2020-08-24 17:05:45,744 ERROR [errorlog] java.lang.ClassNotFoundException: com.eviware.soapui.plugins.auto.factories.AutoImportMethodFactory
java.lang.ClassNotFoundException: com.eviware.soapui.plugins.auto.factories.AutoImportMethodFactory
	at org.codehaus.plexus.classworlds.strategy.SelfFirstStrategy.loadClass(SelfFirstStrategy.java:50)
	at org.codehaus.plexus.classworlds.realm.ClassRealm.unsynchronizedLoadClass(ClassRealm.java:271)
	at org.codehaus.plexus.classworlds.realm.ClassRealm.loadClass(ClassRealm.java:247)
	at org.codehaus.plexus.classworlds.realm.ClassRealm.loadClass(ClassRealm.java:239)
	at java.lang.Class.forName0(Native Method)
	at java.lang.Class.forName(Class.java:264)
	at com.eviware.soapui.plugins.LoaderBase.loadAutoFactories(LoaderBase.java:113)
	at com.eviware.soapui.plugins.LoaderBase.loadFactories(LoaderBase.java:80)
	at com.eviware.soapui.plugins.PluginLoader.loadPluginFactories(PluginLoader.java:141)
	at com.eviware.soapui.plugins.PluginLoader.loadPlugin(PluginLoader.java:104)
	at com.eviware.soapui.plugins.PluginLoader.loadPlugin(PluginLoader.java:54)
	at com.eviware.soapui.plugins.PluginManager.doInstallPlugin(PluginManager.java:141)
	at com.eviware.soapui.plugins.PluginManager.access$600(PluginManager.java:43)
	at com.eviware.soapui.plugins.PluginManager$LoadPluginsTask.computeSequentially(PluginManager.java:420)
	at com.eviware.soapui.plugins.PluginManager$LoadPluginsTask.compute(PluginManager.java:377)
	at com.eviware.soapui.plugins.PluginManager$LoadPluginsTask.compute(PluginManager.java:382)
	at com.eviware.soapui.plugins.PluginManager$LoadPluginsTask.compute(PluginManager.java:365)
	at java.util.concurrent.RecursiveTask.exec(RecursiveTask.java:94)
	at java.util.concurrent.ForkJoinTask.doExec(ForkJoinTask.java:289)
	at java.util.concurrent.ForkJoinPool$WorkQueue.runTask(ForkJoinPool.java:1056)
	at java.util.concurrent.ForkJoinPool.runWorker(ForkJoinPool.java:1692)
	at java.util.concurrent.ForkJoinWorkerThread.run(ForkJoinWorkerThread.java:172)
2020-08-24 17:05:45,841 ERROR [errorlog] java.lang.ClassNotFoundException: com.eviware.soapui.plugins.auto.factories.AutoDiscoveryMethodFactory
java.lang.ClassNotFoundException: com.eviware.soapui.plugins.auto.factories.AutoDiscoveryMethodFactory
	at org.codehaus.plexus.classworlds.strategy.SelfFirstStrategy.loadClass(SelfFirstStrategy.java:50)
	at org.codehaus.plexus.classworlds.realm.ClassRealm.unsynchronizedLoadClass(ClassRealm.java:271)
	at org.codehaus.plexus.classworlds.realm.ClassRealm.loadClass(ClassRealm.java:247)
	at org.codehaus.plexus.classworlds.realm.ClassRealm.loadClass(ClassRealm.java:239)
	at java.lang.Class.forName0(Native Method)
	at java.lang.Class.forName(Class.java:264)
	at com.eviware.soapui.plugins.LoaderBase.loadAutoFactories(LoaderBase.java:113)
	at com.eviware.soapui.plugins.LoaderBase.loadFactories(LoaderBase.java:80)
	at com.eviware.soapui.plugins.PluginLoader.loadPluginFactories(PluginLoader.java:141)
	at com.eviware.soapui.plugins.PluginLoader.loadPlugin(PluginLoader.java:104)
	at com.eviware.soapui.plugins.PluginLoader.loadPlugin(PluginLoader.java:54)
	at com.eviware.soapui.plugins.PluginManager.doInstallPlugin(PluginManager.java:141)
	at com.eviware.soapui.plugins.PluginManager.access$600(PluginManager.java:43)
	at com.eviware.soapui.plugins.PluginManager$LoadPluginsTask.computeSequentially(PluginManager.java:420)
	at com.eviware.soapui.plugins.PluginManager$LoadPluginsTask.compute(PluginManager.java:377)
	at com.eviware.soapui.plugins.PluginManager$LoadPluginsTask.compute(PluginManager.java:365)
	at java.util.concurrent.RecursiveTask.exec(RecursiveTask.java:94)
	at java.util.concurrent.ForkJoinTask.doExec(ForkJoinTask.java:289)
	at java.util.concurrent.ForkJoinPool$WorkQueue.runTask(ForkJoinPool.java:1056)
	at java.util.concurrent.ForkJoinPool.runWorker(ForkJoinPool.java:1692)
	at java.util.concurrent.ForkJoinWorkerThread.run(ForkJoinWorkerThread.java:172)
2020-08-24 17:05:46,087 ERROR [errorlog] java.lang.ClassNotFoundException: com.eviware.soapui.plugins.auto.factories.AutoImportMethodFactory
java.lang.ClassNotFoundException: com.eviware.soapui.plugins.auto.factories.AutoImportMethodFactory
	at org.codehaus.plexus.classworlds.strategy.SelfFirstStrategy.loadClass(SelfFirstStrategy.java:50)
	at org.codehaus.plexus.classworlds.realm.ClassRealm.unsynchronizedLoadClass(ClassRealm.java:271)
	at org.codehaus.plexus.classworlds.realm.ClassRealm.loadClass(ClassRealm.java:247)
	at org.codehaus.plexus.classworlds.realm.ClassRealm.loadClass(ClassRealm.java:239)
	at java.lang.Class.forName0(Native Method)
	at java.lang.Class.forName(Class.java:264)
	at com.eviware.soapui.plugins.LoaderBase.loadAutoFactories(LoaderBase.java:113)
	at com.eviware.soapui.plugins.LoaderBase.loadFactories(LoaderBase.java:80)
	at com.eviware.soapui.plugins.PluginLoader.loadPluginFactories(PluginLoader.java:141)
	at com.eviware.soapui.plugins.PluginLoader.loadPlugin(PluginLoader.java:104)
	at com.eviware.soapui.plugins.PluginLoader.loadPlugin(PluginLoader.java:54)
	at com.eviware.soapui.plugins.PluginManager.doInstallPlugin(PluginManager.java:141)
	at com.eviware.soapui.plugins.PluginManager.access$600(PluginManager.java:43)
	at com.eviware.soapui.plugins.PluginManager$LoadPluginsTask.computeSequentially(PluginManager.java:420)
	at com.eviware.soapui.plugins.PluginManager$LoadPluginsTask.compute(PluginManager.java:377)
	at com.eviware.soapui.plugins.PluginManager$LoadPluginsTask.compute(PluginManager.java:365)
	at java.util.concurrent.RecursiveTask.exec(RecursiveTask.java:94)
	at java.util.concurrent.ForkJoinTask.doExec(ForkJoinTask.java:289)
	at java.util.concurrent.ForkJoinPool$WorkQueue.runTask(ForkJoinPool.java:1056)
	at java.util.concurrent.ForkJoinPool.runWorker(ForkJoinPool.java:1692)
	at java.util.concurrent.ForkJoinWorkerThread.run(ForkJoinWorkerThread.java:172)
2020-08-24 17:05:46,547 ERROR [errorlog] java.lang.ClassNotFoundException: com.eviware.soapui.plugins.auto.factories.AutoDiscoveryMethodFactory
java.lang.ClassNotFoundException: com.eviware.soapui.plugins.auto.factories.AutoDiscoveryMethodFactory
	at org.codehaus.plexus.classworlds.strategy.SelfFirstStrategy.loadClass(SelfFirstStrategy.java:50)
	at org.codehaus.plexus.classworlds.realm.ClassRealm.unsynchronizedLoadClass(ClassRealm.java:271)
	at org.codehaus.plexus.classworlds.realm.ClassRealm.loadClass(ClassRealm.java:247)
	at org.codehaus.plexus.classworlds.realm.ClassRealm.loadClass(ClassRealm.java:239)
	at java.lang.Class.forName0(Native Method)
	at java.lang.Class.forName(Class.java:264)
	at com.eviware.soapui.plugins.LoaderBase.loadAutoFactories(LoaderBase.java:113)
	at com.eviware.soapui.plugins.LoaderBase.loadFactories(LoaderBase.java:80)
	at com.eviware.soapui.plugins.PluginLoader.loadPluginFactories(PluginLoader.java:141)
	at com.eviware.soapui.plugins.PluginLoader.loadPlugin(PluginLoader.java:104)
	at com.eviware.soapui.plugins.PluginLoader.loadPlugin(PluginLoader.java:54)
	at com.eviware.soapui.plugins.PluginManager.doInstallPlugin(PluginManager.java:141)
	at com.eviware.soapui.plugins.PluginManager.access$600(PluginManager.java:43)
	at com.eviware.soapui.plugins.PluginManager$LoadPluginsTask.computeSequentially(PluginManager.java:420)
	at com.eviware.soapui.plugins.PluginManager$LoadPluginsTask.compute(PluginManager.java:377)
	at com.eviware.soapui.plugins.PluginManager$LoadPluginsTask.compute(PluginManager.java:382)
	at com.eviware.soapui.plugins.PluginManager$LoadPluginsTask.compute(PluginManager.java:365)
	at java.util.concurrent.RecursiveTask.exec(RecursiveTask.java:94)
	at java.util.concurrent.ForkJoinTask.doExec(ForkJoinTask.java:289)
	at java.util.concurrent.ForkJoinPool$WorkQueue.runTask(ForkJoinPool.java:1056)
	at java.util.concurrent.ForkJoinPool.runWorker(ForkJoinPool.java:1692)
	at java.util.concurrent.ForkJoinWorkerThread.run(ForkJoinWorkerThread.java:172)
2020-08-24 17:05:46,705 ERROR [errorlog] java.lang.ClassNotFoundException: com.eviware.soapui.plugins.auto.factories.AutoImportMethodFactory
java.lang.ClassNotFoundException: com.eviware.soapui.plugins.auto.factories.AutoImportMethodFactory
	at org.codehaus.plexus.classworlds.strategy.SelfFirstStrategy.loadClass(SelfFirstStrategy.java:50)
	at org.codehaus.plexus.classworlds.realm.ClassRealm.unsynchronizedLoadClass(ClassRealm.java:271)
	at org.codehaus.plexus.classworlds.realm.ClassRealm.loadClass(ClassRealm.java:247)
	at org.codehaus.plexus.classworlds.realm.ClassRealm.loadClass(ClassRealm.java:239)
	at java.lang.Class.forName0(Native Method)
	at java.lang.Class.forName(Class.java:264)
	at com.eviware.soapui.plugins.LoaderBase.loadAutoFactories(LoaderBase.java:113)
	at com.eviware.soapui.plugins.LoaderBase.loadFactories(LoaderBase.java:80)
	at com.eviware.soapui.plugins.PluginLoader.loadPluginFactories(PluginLoader.java:141)
	at com.eviware.soapui.plugins.PluginLoader.loadPlugin(PluginLoader.java:104)
	at com.eviware.soapui.plugins.PluginLoader.loadPlugin(PluginLoader.java:54)
	at com.eviware.soapui.plugins.PluginManager.doInstallPlugin(PluginManager.java:141)
	at com.eviware.soapui.plugins.PluginManager.access$600(PluginManager.java:43)
	at com.eviware.soapui.plugins.PluginManager$LoadPluginsTask.computeSequentially(PluginManager.java:420)
	at com.eviware.soapui.plugins.PluginManager$LoadPluginsTask.compute(PluginManager.java:377)
	at com.eviware.soapui.plugins.PluginManager$LoadPluginsTask.compute(PluginManager.java:382)
	at com.eviware.soapui.plugins.PluginManager$LoadPluginsTask.compute(PluginManager.java:365)
	at java.util.concurrent.RecursiveTask.exec(RecursiveTask.java:94)
	at java.util.concurrent.ForkJoinTask.doExec(ForkJoinTask.java:289)
	at java.util.concurrent.ForkJoinPool$WorkQueue.runTask(ForkJoinPool.java:1056)
	at java.util.concurrent.ForkJoinPool.runWorker(ForkJoinPool.java:1692)
	at java.util.concurrent.ForkJoinWorkerThread.run(ForkJoinWorkerThread.java:172)
2020-08-24 17:05:47,343 ERROR [errorlog] java.lang.ClassNotFoundException: com.eviware.soapui.plugins.auto.factories.AutoDiscoveryMethodFactory
java.lang.ClassNotFoundException: com.eviware.soapui.plugins.auto.factories.AutoDiscoveryMethodFactory
	at org.codehaus.plexus.classworlds.strategy.SelfFirstStrategy.loadClass(SelfFirstStrategy.java:50)
	at org.codehaus.plexus.classworlds.realm.ClassRealm.unsynchronizedLoadClass(ClassRealm.java:271)
	at org.codehaus.plexus.classworlds.realm.ClassRealm.loadClass(ClassRealm.java:247)
	at org.codehaus.plexus.classworlds.realm.ClassRealm.loadClass(ClassRealm.java:239)
	at java.lang.Class.forName0(Native Method)
	at java.lang.Class.forName(Class.java:264)
	at com.eviware.soapui.plugins.LoaderBase.loadAutoFactories(LoaderBase.java:113)
	at com.eviware.soapui.plugins.LoaderBase.loadFactories(LoaderBase.java:80)
	at com.eviware.soapui.plugins.PluginLoader.loadPluginFactories(PluginLoader.java:141)
	at com.eviware.soapui.plugins.PluginLoader.loadPlugin(PluginLoader.java:104)
	at com.eviware.soapui.plugins.PluginLoader.loadPlugin(PluginLoader.java:54)
	at com.eviware.soapui.plugins.PluginManager.doInstallPlugin(PluginManager.java:141)
	at com.eviware.soapui.plugins.PluginManager.access$600(PluginManager.java:43)
	at com.eviware.soapui.plugins.PluginManager$LoadPluginsTask.computeSequentially(PluginManager.java:420)
	at com.eviware.soapui.plugins.PluginManager$LoadPluginsTask.compute(PluginManager.java:377)
	at com.eviware.soapui.plugins.PluginManager$LoadPluginsTask.compute(PluginManager.java:382)
	at com.eviware.soapui.plugins.PluginManager$LoadPluginsTask.compute(PluginManager.java:365)
	at java.util.concurrent.RecursiveTask.exec(RecursiveTask.java:94)
	at java.util.concurrent.ForkJoinTask.doExec(ForkJoinTask.java:289)
	at java.util.concurrent.ForkJoinPool$WorkQueue.runTask(ForkJoinPool.java:1056)
	at java.util.concurrent.ForkJoinPool.runWorker(ForkJoinPool.java:1692)
	at java.util.concurrent.ForkJoinWorkerThread.run(ForkJoinWorkerThread.java:172)
2020-08-24 17:05:47,522 ERROR [errorlog] java.lang.ClassNotFoundException: com.eviware.soapui.plugins.auto.factories.AutoImportMethodFactory
java.lang.ClassNotFoundException: com.eviware.soapui.plugins.auto.factories.AutoImportMethodFactory
	at org.codehaus.plexus.classworlds.strategy.SelfFirstStrategy.loadClass(SelfFirstStrategy.java:50)
	at org.codehaus.plexus.classworlds.realm.ClassRealm.unsynchronizedLoadClass(ClassRealm.java:271)
	at org.codehaus.plexus.classworlds.realm.ClassRealm.loadClass(ClassRealm.java:247)
	at org.codehaus.plexus.classworlds.realm.ClassRealm.loadClass(ClassRealm.java:239)
	at java.lang.Class.forName0(Native Method)
	at java.lang.Class.forName(Class.java:264)
	at com.eviware.soapui.plugins.LoaderBase.loadAutoFactories(LoaderBase.java:113)
	at com.eviware.soapui.plugins.LoaderBase.loadFactories(LoaderBase.java:80)
	at com.eviware.soapui.plugins.PluginLoader.loadPluginFactories(PluginLoader.java:141)
	at com.eviware.soapui.plugins.PluginLoader.loadPlugin(PluginLoader.java:104)
	at com.eviware.soapui.plugins.PluginLoader.loadPlugin(PluginLoader.java:54)
	at com.eviware.soapui.plugins.PluginManager.doInstallPlugin(PluginManager.java:141)
	at com.eviware.soapui.plugins.PluginManager.access$600(PluginManager.java:43)
	at com.eviware.soapui.plugins.PluginManager$LoadPluginsTask.computeSequentially(PluginManager.java:420)
	at com.eviware.soapui.plugins.PluginManager$LoadPluginsTask.compute(PluginManager.java:377)
	at com.eviware.soapui.plugins.PluginManager$LoadPluginsTask.compute(PluginManager.java:382)
	at com.eviware.soapui.plugins.PluginManager$LoadPluginsTask.compute(PluginManager.java:365)
	at java.util.concurrent.RecursiveTask.exec(RecursiveTask.java:94)
	at java.util.concurrent.ForkJoinTask.doExec(ForkJoinTask.java:289)
	at java.util.concurrent.ForkJoinPool$WorkQueue.runTask(ForkJoinPool.java:1056)
	at java.util.concurrent.ForkJoinPool.runWorker(ForkJoinPool.java:1692)
	at java.util.concurrent.ForkJoinWorkerThread.run(ForkJoinWorkerThread.java:172)
2020-08-24 17:07:23,431 ERROR [errorlog] java.lang.ClassNotFoundException: com.eviware.soapui.plugins.auto.factories.AutoDiscoveryMethodFactory
java.lang.ClassNotFoundException: com.eviware.soapui.plugins.auto.factories.AutoDiscoveryMethodFactory
	at org.codehaus.plexus.classworlds.strategy.SelfFirstStrategy.loadClass(SelfFirstStrategy.java:50)
	at org.codehaus.plexus.classworlds.realm.ClassRealm.unsynchronizedLoadClass(ClassRealm.java:271)
	at org.codehaus.plexus.classworlds.realm.ClassRealm.loadClass(ClassRealm.java:247)
	at org.codehaus.plexus.classworlds.realm.ClassRealm.loadClass(ClassRealm.java:239)
	at java.lang.Class.forName0(Native Method)
	at java.lang.Class.forName(Class.java:264)
	at com.eviware.soapui.plugins.LoaderBase.loadAutoFactories(LoaderBase.java:113)
	at com.eviware.soapui.plugins.LoaderBase.loadFactories(LoaderBase.java:80)
	at com.eviware.soapui.plugins.PluginLoader.loadPluginFactories(PluginLoader.java:141)
	at com.eviware.soapui.plugins.PluginLoader.loadPlugin(PluginLoader.java:104)
	at com.eviware.soapui.plugins.PluginLoader.loadPlugin(PluginLoader.java:54)
	at com.eviware.soapui.plugins.PluginManager.doInstallPlugin(PluginManager.java:141)
	at com.eviware.soapui.plugins.PluginManager.access$600(PluginManager.java:43)
	at com.eviware.soapui.plugins.PluginManager$LoadPluginsTask.computeSequentially(PluginManager.java:420)
	at com.eviware.soapui.plugins.PluginManager$LoadPluginsTask.compute(PluginManager.java:377)
	at com.eviware.soapui.plugins.PluginManager$LoadPluginsTask.compute(PluginManager.java:382)
	at com.eviware.soapui.plugins.PluginManager$LoadPluginsTask.compute(PluginManager.java:365)
	at java.util.concurrent.RecursiveTask.exec(RecursiveTask.java:94)
	at java.util.concurrent.ForkJoinTask.doExec(ForkJoinTask.java:289)
	at java.util.concurrent.ForkJoinPool$WorkQueue.runTask(ForkJoinPool.java:1056)
	at java.util.concurrent.ForkJoinPool.runWorker(ForkJoinPool.java:1692)
	at java.util.concurrent.ForkJoinWorkerThread.run(ForkJoinWorkerThread.java:172)
2020-08-24 17:07:23,680 ERROR [errorlog] java.lang.ClassNotFoundException: com.eviware.soapui.plugins.auto.factories.AutoImportMethodFactory
java.lang.ClassNotFoundException: com.eviware.soapui.plugins.auto.factories.AutoImportMethodFactory
	at org.codehaus.plexus.classworlds.strategy.SelfFirstStrategy.loadClass(SelfFirstStrategy.java:50)
	at org.codehaus.plexus.classworlds.realm.ClassRealm.unsynchronizedLoadClass(ClassRealm.java:271)
	at org.codehaus.plexus.classworlds.realm.ClassRealm.loadClass(ClassRealm.java:247)
	at org.codehaus.plexus.classworlds.realm.ClassRealm.loadClass(ClassRealm.java:239)
	at java.lang.Class.forName0(Native Method)
	at java.lang.Class.forName(Class.java:264)
	at com.eviware.soapui.plugins.LoaderBase.loadAutoFactories(LoaderBase.java:113)
	at com.eviware.soapui.plugins.LoaderBase.loadFactories(LoaderBase.java:80)
	at com.eviware.soapui.plugins.PluginLoader.loadPluginFactories(PluginLoader.java:141)
	at com.eviware.soapui.plugins.PluginLoader.loadPlugin(PluginLoader.java:104)
	at com.eviware.soapui.plugins.PluginLoader.loadPlugin(PluginLoader.java:54)
	at com.eviware.soapui.plugins.PluginManager.doInstallPlugin(PluginManager.java:141)
	at com.eviware.soapui.plugins.PluginManager.access$600(PluginManager.java:43)
	at com.eviware.soapui.plugins.PluginManager$LoadPluginsTask.computeSequentially(PluginManager.java:420)
	at com.eviware.soapui.plugins.PluginManager$LoadPluginsTask.compute(PluginManager.java:377)
	at com.eviware.soapui.plugins.PluginManager$LoadPluginsTask.compute(PluginManager.java:382)
	at com.eviware.soapui.plugins.PluginManager$LoadPluginsTask.compute(PluginManager.java:365)
	at java.util.concurrent.RecursiveTask.exec(RecursiveTask.java:94)
	at java.util.concurrent.ForkJoinTask.doExec(ForkJoinTask.java:289)
	at java.util.concurrent.ForkJoinPool$WorkQueue.runTask(ForkJoinPool.java:1056)
	at java.util.concurrent.ForkJoinPool.runWorker(ForkJoinPool.java:1692)
	at java.util.concurrent.ForkJoinWorkerThread.run(ForkJoinWorkerThread.java:172)
2020-08-24 17:07:23,800 ERROR [errorlog] java.lang.ClassNotFoundException: com.eviware.soapui.plugins.auto.factories.AutoDiscoveryMethodFactory
java.lang.ClassNotFoundException: com.eviware.soapui.plugins.auto.factories.AutoDiscoveryMethodFactory
	at org.codehaus.plexus.classworlds.strategy.SelfFirstStrategy.loadClass(SelfFirstStrategy.java:50)
	at org.codehaus.plexus.classworlds.realm.ClassRealm.unsynchronizedLoadClass(ClassRealm.java:271)
	at org.codehaus.plexus.classworlds.realm.ClassRealm.loadClass(ClassRealm.java:247)
	at org.codehaus.plexus.classworlds.realm.ClassRealm.loadClass(ClassRealm.java:239)
	at java.lang.Class.forName0(Native Method)
	at java.lang.Class.forName(Class.java:264)
	at com.eviware.soapui.plugins.LoaderBase.loadAutoFactories(LoaderBase.java:113)
	at com.eviware.soapui.plugins.LoaderBase.loadFactories(LoaderBase.java:80)
	at com.eviware.soapui.plugins.PluginLoader.loadPluginFactories(PluginLoader.java:141)
	at com.eviware.soapui.plugins.PluginLoader.loadPlugin(PluginLoader.java:104)
	at com.eviware.soapui.plugins.PluginLoader.loadPlugin(PluginLoader.java:54)
	at com.eviware.soapui.plugins.PluginManager.doInstallPlugin(PluginManager.java:141)
	at com.eviware.soapui.plugins.PluginManager.access$600(PluginManager.java:43)
	at com.eviware.soapui.plugins.PluginManager$LoadPluginsTask.computeSequentially(PluginManager.java:420)
	at com.eviware.soapui.plugins.PluginManager$LoadPluginsTask.compute(PluginManager.java:377)
	at com.eviware.soapui.plugins.PluginManager$LoadPluginsTask.compute(PluginManager.java:365)
	at java.util.concurrent.RecursiveTask.exec(RecursiveTask.java:94)
	at java.util.concurrent.ForkJoinTask.doExec(ForkJoinTask.java:289)
	at java.util.concurrent.ForkJoinPool$WorkQueue.runTask(ForkJoinPool.java:1056)
	at java.util.concurrent.ForkJoinPool.runWorker(ForkJoinPool.java:1692)
	at java.util.concurrent.ForkJoinWorkerThread.run(ForkJoinWorkerThread.java:172)
2020-08-24 17:07:24,107 ERROR [errorlog] java.lang.ClassNotFoundException: com.eviware.soapui.plugins.auto.factories.AutoImportMethodFactory
java.lang.ClassNotFoundException: com.eviware.soapui.plugins.auto.factories.AutoImportMethodFactory
	at org.codehaus.plexus.classworlds.strategy.SelfFirstStrategy.loadClass(SelfFirstStrategy.java:50)
	at org.codehaus.plexus.classworlds.realm.ClassRealm.unsynchronizedLoadClass(ClassRealm.java:271)
	at org.codehaus.plexus.classworlds.realm.ClassRealm.loadClass(ClassRealm.java:247)
	at org.codehaus.plexus.classworlds.realm.ClassRealm.loadClass(ClassRealm.java:239)
	at java.lang.Class.forName0(Native Method)
	at java.lang.Class.forName(Class.java:264)
	at com.eviware.soapui.plugins.LoaderBase.loadAutoFactories(LoaderBase.java:113)
	at com.eviware.soapui.plugins.LoaderBase.loadFactories(LoaderBase.java:80)
	at com.eviware.soapui.plugins.PluginLoader.loadPluginFactories(PluginLoader.java:141)
	at com.eviware.soapui.plugins.PluginLoader.loadPlugin(PluginLoader.java:104)
	at com.eviware.soapui.plugins.PluginLoader.loadPlugin(PluginLoader.java:54)
	at com.eviware.soapui.plugins.PluginManager.doInstallPlugin(PluginManager.java:141)
	at com.eviware.soapui.plugins.PluginManager.access$600(PluginManager.java:43)
	at com.eviware.soapui.plugins.PluginManager$LoadPluginsTask.computeSequentially(PluginManager.java:420)
	at com.eviware.soapui.plugins.PluginManager$LoadPluginsTask.compute(PluginManager.java:377)
	at com.eviware.soapui.plugins.PluginManager$LoadPluginsTask.compute(PluginManager.java:365)
	at java.util.concurrent.RecursiveTask.exec(RecursiveTask.java:94)
	at java.util.concurrent.ForkJoinTask.doExec(ForkJoinTask.java:289)
	at java.util.concurrent.ForkJoinPool$WorkQueue.runTask(ForkJoinPool.java:1056)
	at java.util.concurrent.ForkJoinPool.runWorker(ForkJoinPool.java:1692)
	at java.util.concurrent.ForkJoinWorkerThread.run(ForkJoinWorkerThread.java:172)
2020-08-24 17:07:24,617 ERROR [errorlog] java.lang.ClassNotFoundException: com.eviware.soapui.plugins.auto.factories.AutoDiscoveryMethodFactory
java.lang.ClassNotFoundException: com.eviware.soapui.plugins.auto.factories.AutoDiscoveryMethodFactory
	at org.codehaus.plexus.classworlds.strategy.SelfFirstStrategy.loadClass(SelfFirstStrategy.java:50)
	at org.codehaus.plexus.classworlds.realm.ClassRealm.unsynchronizedLoadClass(ClassRealm.java:271)
	at org.codehaus.plexus.classworlds.realm.ClassRealm.loadClass(ClassRealm.java:247)
	at org.codehaus.plexus.classworlds.realm.ClassRealm.loadClass(ClassRealm.java:239)
	at java.lang.Class.forName0(Native Method)
	at java.lang.Class.forName(Class.java:264)
	at com.eviware.soapui.plugins.LoaderBase.loadAutoFactories(LoaderBase.java:113)
	at com.eviware.soapui.plugins.LoaderBase.loadFactories(LoaderBase.java:80)
	at com.eviware.soapui.plugins.PluginLoader.loadPluginFactories(PluginLoader.java:141)
	at com.eviware.soapui.plugins.PluginLoader.loadPlugin(PluginLoader.java:104)
	at com.eviware.soapui.plugins.PluginLoader.loadPlugin(PluginLoader.java:54)
	at com.eviware.soapui.plugins.PluginManager.doInstallPlugin(PluginManager.java:141)
	at com.eviware.soapui.plugins.PluginManager.access$600(PluginManager.java:43)
	at com.eviware.soapui.plugins.PluginManager$LoadPluginsTask.computeSequentially(PluginManager.java:420)
	at com.eviware.soapui.plugins.PluginManager$LoadPluginsTask.compute(PluginManager.java:377)
	at com.eviware.soapui.plugins.PluginManager$LoadPluginsTask.compute(PluginManager.java:382)
	at com.eviware.soapui.plugins.PluginManager$LoadPluginsTask.compute(PluginManager.java:365)
	at java.util.concurrent.RecursiveTask.exec(RecursiveTask.java:94)
	at java.util.concurrent.ForkJoinTask.doExec(ForkJoinTask.java:289)
	at java.util.concurrent.ForkJoinPool$WorkQueue.runTask(ForkJoinPool.java:1056)
	at java.util.concurrent.ForkJoinPool.runWorker(ForkJoinPool.java:1692)
	at java.util.concurrent.ForkJoinWorkerThread.run(ForkJoinWorkerThread.java:172)
2020-08-24 17:07:24,770 ERROR [errorlog] java.lang.ClassNotFoundException: com.eviware.soapui.plugins.auto.factories.AutoImportMethodFactory
java.lang.ClassNotFoundException: com.eviware.soapui.plugins.auto.factories.AutoImportMethodFactory
	at org.codehaus.plexus.classworlds.strategy.SelfFirstStrategy.loadClass(SelfFirstStrategy.java:50)
	at org.codehaus.plexus.classworlds.realm.ClassRealm.unsynchronizedLoadClass(ClassRealm.java:271)
	at org.codehaus.plexus.classworlds.realm.ClassRealm.loadClass(ClassRealm.java:247)
	at org.codehaus.plexus.classworlds.realm.ClassRealm.loadClass(ClassRealm.java:239)
	at java.lang.Class.forName0(Native Method)
	at java.lang.Class.forName(Class.java:264)
	at com.eviware.soapui.plugins.LoaderBase.loadAutoFactories(LoaderBase.java:113)
	at com.eviware.soapui.plugins.LoaderBase.loadFactories(LoaderBase.java:80)
	at com.eviware.soapui.plugins.PluginLoader.loadPluginFactories(PluginLoader.java:141)
	at com.eviware.soapui.plugins.PluginLoader.loadPlugin(PluginLoader.java:104)
	at com.eviware.soapui.plugins.PluginLoader.loadPlugin(PluginLoader.java:54)
	at com.eviware.soapui.plugins.PluginManager.doInstallPlugin(PluginManager.java:141)
	at com.eviware.soapui.plugins.PluginManager.access$600(PluginManager.java:43)
	at com.eviware.soapui.plugins.PluginManager$LoadPluginsTask.computeSequentially(PluginManager.java:420)
	at com.eviware.soapui.plugins.PluginManager$LoadPluginsTask.compute(PluginManager.java:377)
	at com.eviware.soapui.plugins.PluginManager$LoadPluginsTask.compute(PluginManager.java:382)
	at com.eviware.soapui.plugins.PluginManager$LoadPluginsTask.compute(PluginManager.java:365)
	at java.util.concurrent.RecursiveTask.exec(RecursiveTask.java:94)
	at java.util.concurrent.ForkJoinTask.doExec(ForkJoinTask.java:289)
	at java.util.concurrent.ForkJoinPool$WorkQueue.runTask(ForkJoinPool.java:1056)
	at java.util.concurrent.ForkJoinPool.runWorker(ForkJoinPool.java:1692)
	at java.util.concurrent.ForkJoinWorkerThread.run(ForkJoinWorkerThread.java:172)
2020-08-24 17:07:25,397 ERROR [errorlog] java.lang.ClassNotFoundException: com.eviware.soapui.plugins.auto.factories.AutoDiscoveryMethodFactory
java.lang.ClassNotFoundException: com.eviware.soapui.plugins.auto.factories.AutoDiscoveryMethodFactory
	at org.codehaus.plexus.classworlds.strategy.SelfFirstStrategy.loadClass(SelfFirstStrategy.java:50)
	at org.codehaus.plexus.classworlds.realm.ClassRealm.unsynchronizedLoadClass(ClassRealm.java:271)
	at org.codehaus.plexus.classworlds.realm.ClassRealm.loadClass(ClassRealm.java:247)
	at org.codehaus.plexus.classworlds.realm.ClassRealm.loadClass(ClassRealm.java:239)
	at java.lang.Class.forName0(Native Method)
	at java.lang.Class.forName(Class.java:264)
	at com.eviware.soapui.plugins.LoaderBase.loadAutoFactories(LoaderBase.java:113)
	at com.eviware.soapui.plugins.LoaderBase.loadFactories(LoaderBase.java:80)
	at com.eviware.soapui.plugins.PluginLoader.loadPluginFactories(PluginLoader.java:141)
	at com.eviware.soapui.plugins.PluginLoader.loadPlugin(PluginLoader.java:104)
	at com.eviware.soapui.plugins.PluginLoader.loadPlugin(PluginLoader.java:54)
	at com.eviware.soapui.plugins.PluginManager.doInstallPlugin(PluginManager.java:141)
	at com.eviware.soapui.plugins.PluginManager.access$600(PluginManager.java:43)
	at com.eviware.soapui.plugins.PluginManager$LoadPluginsTask.computeSequentially(PluginManager.java:420)
	at com.eviware.soapui.plugins.PluginManager$LoadPluginsTask.compute(PluginManager.java:377)
	at com.eviware.soapui.plugins.PluginManager$LoadPluginsTask.compute(PluginManager.java:382)
	at com.eviware.soapui.plugins.PluginManager$LoadPluginsTask.compute(PluginManager.java:365)
	at java.util.concurrent.RecursiveTask.exec(RecursiveTask.java:94)
	at java.util.concurrent.ForkJoinTask.doExec(ForkJoinTask.java:289)
	at java.util.concurrent.ForkJoinPool$WorkQueue.runTask(ForkJoinPool.java:1056)
	at java.util.concurrent.ForkJoinPool.runWorker(ForkJoinPool.java:1692)
	at java.util.concurrent.ForkJoinWorkerThread.run(ForkJoinWorkerThread.java:172)
2020-08-24 17:07:25,584 ERROR [errorlog] java.lang.ClassNotFoundException: com.eviware.soapui.plugins.auto.factories.AutoImportMethodFactory
java.lang.ClassNotFoundException: com.eviware.soapui.plugins.auto.factories.AutoImportMethodFactory
	at org.codehaus.plexus.classworlds.strategy.SelfFirstStrategy.loadClass(SelfFirstStrategy.java:50)
	at org.codehaus.plexus.classworlds.realm.ClassRealm.unsynchronizedLoadClass(ClassRealm.java:271)
	at org.codehaus.plexus.classworlds.realm.ClassRealm.loadClass(ClassRealm.java:247)
	at org.codehaus.plexus.classworlds.realm.ClassRealm.loadClass(ClassRealm.java:239)
	at java.lang.Class.forName0(Native Method)
	at java.lang.Class.forName(Class.java:264)
	at com.eviware.soapui.plugins.LoaderBase.loadAutoFactories(LoaderBase.java:113)
	at com.eviware.soapui.plugins.LoaderBase.loadFactories(LoaderBase.java:80)
	at com.eviware.soapui.plugins.PluginLoader.loadPluginFactories(PluginLoader.java:141)
	at com.eviware.soapui.plugins.PluginLoader.loadPlugin(PluginLoader.java:104)
	at com.eviware.soapui.plugins.PluginLoader.loadPlugin(PluginLoader.java:54)
	at com.eviware.soapui.plugins.PluginManager.doInstallPlugin(PluginManager.java:141)
	at com.eviware.soapui.plugins.PluginManager.access$600(PluginManager.java:43)
	at com.eviware.soapui.plugins.PluginManager$LoadPluginsTask.computeSequentially(PluginManager.java:420)
	at com.eviware.soapui.plugins.PluginManager$LoadPluginsTask.compute(PluginManager.java:377)
	at com.eviware.soapui.plugins.PluginManager$LoadPluginsTask.compute(PluginManager.java:382)
	at com.eviware.soapui.plugins.PluginManager$LoadPluginsTask.compute(PluginManager.java:365)
	at java.util.concurrent.RecursiveTask.exec(RecursiveTask.java:94)
	at java.util.concurrent.ForkJoinTask.doExec(ForkJoinTask.java:289)
	at java.util.concurrent.ForkJoinPool$WorkQueue.runTask(ForkJoinPool.java:1056)
	at java.util.concurrent.ForkJoinPool.runWorker(ForkJoinPool.java:1692)
	at java.util.concurrent.ForkJoinWorkerThread.run(ForkJoinWorkerThread.java:172)
2020-08-24 17:08:56,516 ERROR [errorlog] java.lang.ClassNotFoundException: com.eviware.soapui.plugins.auto.factories.AutoImportMethodFactory
java.lang.ClassNotFoundException: com.eviware.soapui.plugins.auto.factories.AutoImportMethodFactory
	at org.codehaus.plexus.classworlds.strategy.SelfFirstStrategy.loadClass(SelfFirstStrategy.java:50)
	at org.codehaus.plexus.classworlds.realm.ClassRealm.unsynchronizedLoadClass(ClassRealm.java:271)
	at org.codehaus.plexus.classworlds.realm.ClassRealm.loadClass(ClassRealm.java:247)
	at org.codehaus.plexus.classworlds.realm.ClassRealm.loadClass(ClassRealm.java:239)
	at java.lang.Class.forName0(Native Method)
	at java.lang.Class.forName(Class.java:264)
	at com.eviware.soapui.plugins.LoaderBase.loadAutoFactories(LoaderBase.java:113)
	at com.eviware.soapui.plugins.LoaderBase.loadFactories(LoaderBase.java:80)
	at com.eviware.soapui.plugins.PluginLoader.loadPluginFactories(PluginLoader.java:141)
	at com.eviware.soapui.plugins.PluginLoader.loadPlugin(PluginLoader.java:104)
	at com.eviware.soapui.plugins.PluginLoader.loadPlugin(PluginLoader.java:54)
	at com.eviware.soapui.plugins.PluginManager.doInstallPlugin(PluginManager.java:141)
	at com.eviware.soapui.plugins.PluginManager.access$600(PluginManager.java:43)
	at com.eviware.soapui.plugins.PluginManager$LoadPluginsTask.computeSequentially(PluginManager.java:420)
	at com.eviware.soapui.plugins.PluginManager$LoadPluginsTask.compute(PluginManager.java:377)
	at com.eviware.soapui.plugins.PluginManager$LoadPluginsTask.compute(PluginManager.java:382)
	at com.eviware.soapui.plugins.PluginManager$LoadPluginsTask.compute(PluginManager.java:365)
	at java.util.concurrent.RecursiveTask.exec(RecursiveTask.java:94)
	at java.util.concurrent.ForkJoinTask.doExec(ForkJoinTask.java:289)
	at java.util.concurrent.ForkJoinPool$WorkQueue.runTask(ForkJoinPool.java:1056)
	at java.util.concurrent.ForkJoinPool.runWorker(ForkJoinPool.java:1692)
	at java.util.concurrent.ForkJoinWorkerThread.run(ForkJoinWorkerThread.java:172)
2020-08-24 17:08:56,647 ERROR [errorlog] java.lang.ClassNotFoundException: com.eviware.soapui.plugins.auto.factories.AutoImportMethodFactory
java.lang.ClassNotFoundException: com.eviware.soapui.plugins.auto.factories.AutoImportMethodFactory
	at org.codehaus.plexus.classworlds.strategy.SelfFirstStrategy.loadClass(SelfFirstStrategy.java:50)
	at org.codehaus.plexus.classworlds.realm.ClassRealm.unsynchronizedLoadClass(ClassRealm.java:271)
	at org.codehaus.plexus.classworlds.realm.ClassRealm.loadClass(ClassRealm.java:247)
	at org.codehaus.plexus.classworlds.realm.ClassRealm.loadClass(ClassRealm.java:239)
	at java.lang.Class.forName0(Native Method)
	at java.lang.Class.forName(Class.java:264)
	at com.eviware.soapui.plugins.LoaderBase.loadAutoFactories(LoaderBase.java:113)
	at com.eviware.soapui.plugins.LoaderBase.loadFactories(LoaderBase.java:80)
	at com.eviware.soapui.plugins.PluginLoader.loadPluginFactories(PluginLoader.java:141)
	at com.eviware.soapui.plugins.PluginLoader.loadPlugin(PluginLoader.java:104)
	at com.eviware.soapui.plugins.PluginLoader.loadPlugin(PluginLoader.java:54)
	at com.eviware.soapui.plugins.PluginManager.doInstallPlugin(PluginManager.java:141)
	at com.eviware.soapui.plugins.PluginManager.access$600(PluginManager.java:43)
	at com.eviware.soapui.plugins.PluginManager$LoadPluginsTask.computeSequentially(PluginManager.java:420)
	at com.eviware.soapui.plugins.PluginManager$LoadPluginsTask.compute(PluginManager.java:377)
	at com.eviware.soapui.plugins.PluginManager$LoadPluginsTask.compute(PluginManager.java:365)
	at java.util.concurrent.RecursiveTask.exec(RecursiveTask.java:94)
	at java.util.concurrent.ForkJoinTask.doExec(ForkJoinTask.java:289)
	at java.util.concurrent.ForkJoinPool$WorkQueue.runTask(ForkJoinPool.java:1056)
	at java.util.concurrent.ForkJoinPool.runWorker(ForkJoinPool.java:1692)
	at java.util.concurrent.ForkJoinWorkerThread.run(ForkJoinWorkerThread.java:172)
2020-08-24 17:08:56,695 ERROR [errorlog] java.lang.ClassNotFoundException: com.eviware.soapui.plugins.auto.factories.AutoDiscoveryMethodFactory
java.lang.ClassNotFoundException: com.eviware.soapui.plugins.auto.factories.AutoDiscoveryMethodFactory
	at org.codehaus.plexus.classworlds.strategy.SelfFirstStrategy.loadClass(SelfFirstStrategy.java:50)
	at org.codehaus.plexus.classworlds.realm.ClassRealm.unsynchronizedLoadClass(ClassRealm.java:271)
	at org.codehaus.plexus.classworlds.realm.ClassRealm.loadClass(ClassRealm.java:247)
	at org.codehaus.plexus.classworlds.realm.ClassRealm.loadClass(ClassRealm.java:239)
	at java.lang.Class.forName0(Native Method)
	at java.lang.Class.forName(Class.java:264)
	at com.eviware.soapui.plugins.LoaderBase.loadAutoFactories(LoaderBase.java:113)
	at com.eviware.soapui.plugins.LoaderBase.loadFactories(LoaderBase.java:80)
	at com.eviware.soapui.plugins.PluginLoader.loadPluginFactories(PluginLoader.java:141)
	at com.eviware.soapui.plugins.PluginLoader.loadPlugin(PluginLoader.java:104)
	at com.eviware.soapui.plugins.PluginLoader.loadPlugin(PluginLoader.java:54)
	at com.eviware.soapui.plugins.PluginManager.doInstallPlugin(PluginManager.java:141)
	at com.eviware.soapui.plugins.PluginManager.access$600(PluginManager.java:43)
	at com.eviware.soapui.plugins.PluginManager$LoadPluginsTask.computeSequentially(PluginManager.java:420)
	at com.eviware.soapui.plugins.PluginManager$LoadPluginsTask.compute(PluginManager.java:377)
	at com.eviware.soapui.plugins.PluginManager$LoadPluginsTask.compute(PluginManager.java:382)
	at com.eviware.soapui.plugins.PluginManager$LoadPluginsTask.compute(PluginManager.java:365)
	at java.util.concurrent.RecursiveTask.exec(RecursiveTask.java:94)
	at java.util.concurrent.ForkJoinTask.doExec(ForkJoinTask.java:289)
	at java.util.concurrent.ForkJoinPool$WorkQueue.runTask(ForkJoinPool.java:1056)
	at java.util.concurrent.ForkJoinPool.runWorker(ForkJoinPool.java:1692)
	at java.util.concurrent.ForkJoinWorkerThread.run(ForkJoinWorkerThread.java:172)
2020-08-24 17:08:56,842 ERROR [errorlog] java.lang.ClassNotFoundException: com.eviware.soapui.plugins.auto.factories.AutoDiscoveryMethodFactory
java.lang.ClassNotFoundException: com.eviware.soapui.plugins.auto.factories.AutoDiscoveryMethodFactory
	at org.codehaus.plexus.classworlds.strategy.SelfFirstStrategy.loadClass(SelfFirstStrategy.java:50)
	at org.codehaus.plexus.classworlds.realm.ClassRealm.unsynchronizedLoadClass(ClassRealm.java:271)
	at org.codehaus.plexus.classworlds.realm.ClassRealm.loadClass(ClassRealm.java:247)
	at org.codehaus.plexus.classworlds.realm.ClassRealm.loadClass(ClassRealm.java:239)
	at java.lang.Class.forName0(Native Method)
	at java.lang.Class.forName(Class.java:264)
	at com.eviware.soapui.plugins.LoaderBase.loadAutoFactories(LoaderBase.java:113)
	at com.eviware.soapui.plugins.LoaderBase.loadFactories(LoaderBase.java:80)
	at com.eviware.soapui.plugins.PluginLoader.loadPluginFactories(PluginLoader.java:141)
	at com.eviware.soapui.plugins.PluginLoader.loadPlugin(PluginLoader.java:104)
	at com.eviware.soapui.plugins.PluginLoader.loadPlugin(PluginLoader.java:54)
	at com.eviware.soapui.plugins.PluginManager.doInstallPlugin(PluginManager.java:141)
	at com.eviware.soapui.plugins.PluginManager.access$600(PluginManager.java:43)
	at com.eviware.soapui.plugins.PluginManager$LoadPluginsTask.computeSequentially(PluginManager.java:420)
	at com.eviware.soapui.plugins.PluginManager$LoadPluginsTask.compute(PluginManager.java:377)
	at com.eviware.soapui.plugins.PluginManager$LoadPluginsTask.compute(PluginManager.java:365)
	at java.util.concurrent.RecursiveTask.exec(RecursiveTask.java:94)
	at java.util.concurrent.ForkJoinTask.doExec(ForkJoinTask.java:289)
	at java.util.concurrent.ForkJoinPool$WorkQueue.runTask(ForkJoinPool.java:1056)
	at java.util.concurrent.ForkJoinPool.runWorker(ForkJoinPool.java:1692)
	at java.util.concurrent.ForkJoinWorkerThread.run(ForkJoinWorkerThread.java:172)
2020-08-24 17:08:57,551 ERROR [errorlog] java.lang.ClassNotFoundException: com.eviware.soapui.plugins.auto.factories.AutoImportMethodFactory
java.lang.ClassNotFoundException: com.eviware.soapui.plugins.auto.factories.AutoImportMethodFactory
	at org.codehaus.plexus.classworlds.strategy.SelfFirstStrategy.loadClass(SelfFirstStrategy.java:50)
	at org.codehaus.plexus.classworlds.realm.ClassRealm.unsynchronizedLoadClass(ClassRealm.java:271)
	at org.codehaus.plexus.classworlds.realm.ClassRealm.loadClass(ClassRealm.java:247)
	at org.codehaus.plexus.classworlds.realm.ClassRealm.loadClass(ClassRealm.java:239)
	at java.lang.Class.forName0(Native Method)
	at java.lang.Class.forName(Class.java:264)
	at com.eviware.soapui.plugins.LoaderBase.loadAutoFactories(LoaderBase.java:113)
	at com.eviware.soapui.plugins.LoaderBase.loadFactories(LoaderBase.java:80)
	at com.eviware.soapui.plugins.PluginLoader.loadPluginFactories(PluginLoader.java:141)
	at com.eviware.soapui.plugins.PluginLoader.loadPlugin(PluginLoader.java:104)
	at com.eviware.soapui.plugins.PluginLoader.loadPlugin(PluginLoader.java:54)
	at com.eviware.soapui.plugins.PluginManager.doInstallPlugin(PluginManager.java:141)
	at com.eviware.soapui.plugins.PluginManager.access$600(PluginManager.java:43)
	at com.eviware.soapui.plugins.PluginManager$LoadPluginsTask.computeSequentially(PluginManager.java:420)
	at com.eviware.soapui.plugins.PluginManager$LoadPluginsTask.compute(PluginManager.java:377)
	at com.eviware.soapui.plugins.PluginManager$LoadPluginsTask.compute(PluginManager.java:382)
	at com.eviware.soapui.plugins.PluginManager$LoadPluginsTask.compute(PluginManager.java:365)
	at java.util.concurrent.RecursiveTask.exec(RecursiveTask.java:94)
	at java.util.concurrent.ForkJoinTask.doExec(ForkJoinTask.java:289)
	at java.util.concurrent.ForkJoinPool$WorkQueue.runTask(ForkJoinPool.java:1056)
	at java.util.concurrent.ForkJoinPool.runWorker(ForkJoinPool.java:1692)
	at java.util.concurrent.ForkJoinWorkerThread.run(ForkJoinWorkerThread.java:172)
2020-08-24 17:08:57,708 ERROR [errorlog] java.lang.ClassNotFoundException: com.eviware.soapui.plugins.auto.factories.AutoDiscoveryMethodFactory
java.lang.ClassNotFoundException: com.eviware.soapui.plugins.auto.factories.AutoDiscoveryMethodFactory
	at org.codehaus.plexus.classworlds.strategy.SelfFirstStrategy.loadClass(SelfFirstStrategy.java:50)
	at org.codehaus.plexus.classworlds.realm.ClassRealm.unsynchronizedLoadClass(ClassRealm.java:271)
	at org.codehaus.plexus.classworlds.realm.ClassRealm.loadClass(ClassRealm.java:247)
	at org.codehaus.plexus.classworlds.realm.ClassRealm.loadClass(ClassRealm.java:239)
	at java.lang.Class.forName0(Native Method)
	at java.lang.Class.forName(Class.java:264)
	at com.eviware.soapui.plugins.LoaderBase.loadAutoFactories(LoaderBase.java:113)
	at com.eviware.soapui.plugins.LoaderBase.loadFactories(LoaderBase.java:80)
	at com.eviware.soapui.plugins.PluginLoader.loadPluginFactories(PluginLoader.java:141)
	at com.eviware.soapui.plugins.PluginLoader.loadPlugin(PluginLoader.java:104)
	at com.eviware.soapui.plugins.PluginLoader.loadPlugin(PluginLoader.java:54)
	at com.eviware.soapui.plugins.PluginManager.doInstallPlugin(PluginManager.java:141)
	at com.eviware.soapui.plugins.PluginManager.access$600(PluginManager.java:43)
	at com.eviware.soapui.plugins.PluginManager$LoadPluginsTask.computeSequentially(PluginManager.java:420)
	at com.eviware.soapui.plugins.PluginManager$LoadPluginsTask.compute(PluginManager.java:377)
	at com.eviware.soapui.plugins.PluginManager$LoadPluginsTask.compute(PluginManager.java:382)
	at com.eviware.soapui.plugins.PluginManager$LoadPluginsTask.compute(PluginManager.java:365)
	at java.util.concurrent.RecursiveTask.exec(RecursiveTask.java:94)
	at java.util.concurrent.ForkJoinTask.doExec(ForkJoinTask.java:289)
	at java.util.concurrent.ForkJoinPool$WorkQueue.runTask(ForkJoinPool.java:1056)
	at java.util.concurrent.ForkJoinPool.runWorker(ForkJoinPool.java:1692)
	at java.util.concurrent.ForkJoinWorkerThread.run(ForkJoinWorkerThread.java:172)
2020-08-24 17:08:58,393 ERROR [errorlog] java.lang.ClassNotFoundException: com.eviware.soapui.plugins.auto.factories.AutoImportMethodFactory
java.lang.ClassNotFoundException: com.eviware.soapui.plugins.auto.factories.AutoImportMethodFactory
	at org.codehaus.plexus.classworlds.strategy.SelfFirstStrategy.loadClass(SelfFirstStrategy.java:50)
	at org.codehaus.plexus.classworlds.realm.ClassRealm.unsynchronizedLoadClass(ClassRealm.java:271)
	at org.codehaus.plexus.classworlds.realm.ClassRealm.loadClass(ClassRealm.java:247)
	at org.codehaus.plexus.classworlds.realm.ClassRealm.loadClass(ClassRealm.java:239)
	at java.lang.Class.forName0(Native Method)
	at java.lang.Class.forName(Class.java:264)
	at com.eviware.soapui.plugins.LoaderBase.loadAutoFactories(LoaderBase.java:113)
	at com.eviware.soapui.plugins.LoaderBase.loadFactories(LoaderBase.java:80)
	at com.eviware.soapui.plugins.PluginLoader.loadPluginFactories(PluginLoader.java:141)
	at com.eviware.soapui.plugins.PluginLoader.loadPlugin(PluginLoader.java:104)
	at com.eviware.soapui.plugins.PluginLoader.loadPlugin(PluginLoader.java:54)
	at com.eviware.soapui.plugins.PluginManager.doInstallPlugin(PluginManager.java:141)
	at com.eviware.soapui.plugins.PluginManager.access$600(PluginManager.java:43)
	at com.eviware.soapui.plugins.PluginManager$LoadPluginsTask.computeSequentially(PluginManager.java:420)
	at com.eviware.soapui.plugins.PluginManager$LoadPluginsTask.compute(PluginManager.java:377)
	at com.eviware.soapui.plugins.PluginManager$LoadPluginsTask.compute(PluginManager.java:382)
	at com.eviware.soapui.plugins.PluginManager$LoadPluginsTask.compute(PluginManager.java:365)
	at java.util.concurrent.RecursiveTask.exec(RecursiveTask.java:94)
	at java.util.concurrent.ForkJoinTask.doExec(ForkJoinTask.java:289)
	at java.util.concurrent.ForkJoinPool$WorkQueue.runTask(ForkJoinPool.java:1056)
	at java.util.concurrent.ForkJoinPool.runWorker(ForkJoinPool.java:1692)
	at java.util.concurrent.ForkJoinWorkerThread.run(ForkJoinWorkerThread.java:172)
2020-08-24 17:08:58,534 ERROR [errorlog] java.lang.ClassNotFoundException: com.eviware.soapui.plugins.auto.factories.AutoDiscoveryMethodFactory
java.lang.ClassNotFoundException: com.eviware.soapui.plugins.auto.factories.AutoDiscoveryMethodFactory
	at org.codehaus.plexus.classworlds.strategy.SelfFirstStrategy.loadClass(SelfFirstStrategy.java:50)
	at org.codehaus.plexus.classworlds.realm.ClassRealm.unsynchronizedLoadClass(ClassRealm.java:271)
	at org.codehaus.plexus.classworlds.realm.ClassRealm.loadClass(ClassRealm.java:247)
	at org.codehaus.plexus.classworlds.realm.ClassRealm.loadClass(ClassRealm.java:239)
	at java.lang.Class.forName0(Native Method)
	at java.lang.Class.forName(Class.java:264)
	at com.eviware.soapui.plugins.LoaderBase.loadAutoFactories(LoaderBase.java:113)
	at com.eviware.soapui.plugins.LoaderBase.loadFactories(LoaderBase.java:80)
	at com.eviware.soapui.plugins.PluginLoader.loadPluginFactories(PluginLoader.java:141)
	at com.eviware.soapui.plugins.PluginLoader.loadPlugin(PluginLoader.java:104)
	at com.eviware.soapui.plugins.PluginLoader.loadPlugin(PluginLoader.java:54)
	at com.eviware.soapui.plugins.PluginManager.doInstallPlugin(PluginManager.java:141)
	at com.eviware.soapui.plugins.PluginManager.access$600(PluginManager.java:43)
	at com.eviware.soapui.plugins.PluginManager$LoadPluginsTask.computeSequentially(PluginManager.java:420)
	at com.eviware.soapui.plugins.PluginManager$LoadPluginsTask.compute(PluginManager.java:377)
	at com.eviware.soapui.plugins.PluginManager$LoadPluginsTask.compute(PluginManager.java:382)
	at com.eviware.soapui.plugins.PluginManager$LoadPluginsTask.compute(PluginManager.java:365)
	at java.util.concurrent.RecursiveTask.exec(RecursiveTask.java:94)
	at java.util.concurrent.ForkJoinTask.doExec(ForkJoinTask.java:289)
	at java.util.concurrent.ForkJoinPool$WorkQueue.runTask(ForkJoinPool.java:1056)
	at java.util.concurrent.ForkJoinPool.runWorker(ForkJoinPool.java:1692)
	at java.util.concurrent.ForkJoinWorkerThread.run(ForkJoinWorkerThread.java:172)
2020-08-24 17:12:26,521 ERROR [errorlog] java.lang.ClassNotFoundException: com.eviware.soapui.plugins.auto.factories.AutoDiscoveryMethodFactory
java.lang.ClassNotFoundException: com.eviware.soapui.plugins.auto.factories.AutoDiscoveryMethodFactory
	at org.codehaus.plexus.classworlds.strategy.SelfFirstStrategy.loadClass(SelfFirstStrategy.java:50)
	at org.codehaus.plexus.classworlds.realm.ClassRealm.unsynchronizedLoadClass(ClassRealm.java:271)
	at org.codehaus.plexus.classworlds.realm.ClassRealm.loadClass(ClassRealm.java:247)
	at org.codehaus.plexus.classworlds.realm.ClassRealm.loadClass(ClassRealm.java:239)
	at java.lang.Class.forName0(Native Method)
	at java.lang.Class.forName(Class.java:264)
	at com.eviware.soapui.plugins.LoaderBase.loadAutoFactories(LoaderBase.java:113)
	at com.eviware.soapui.plugins.LoaderBase.loadFactories(LoaderBase.java:80)
	at com.eviware.soapui.plugins.PluginLoader.loadPluginFactories(PluginLoader.java:141)
	at com.eviware.soapui.plugins.PluginLoader.loadPlugin(PluginLoader.java:104)
	at com.eviware.soapui.plugins.PluginLoader.loadPlugin(PluginLoader.java:54)
	at com.eviware.soapui.plugins.PluginManager.doInstallPlugin(PluginManager.java:141)
	at com.eviware.soapui.plugins.PluginManager.access$600(PluginManager.java:43)
	at com.eviware.soapui.plugins.PluginManager$LoadPluginsTask.computeSequentially(PluginManager.java:420)
	at com.eviware.soapui.plugins.PluginManager$LoadPluginsTask.compute(PluginManager.java:377)
	at com.eviware.soapui.plugins.PluginManager$LoadPluginsTask.compute(PluginManager.java:382)
	at com.eviware.soapui.plugins.PluginManager$LoadPluginsTask.compute(PluginManager.java:365)
	at java.util.concurrent.RecursiveTask.exec(RecursiveTask.java:94)
	at java.util.concurrent.ForkJoinTask.doExec(ForkJoinTask.java:289)
	at java.util.concurrent.ForkJoinPool$WorkQueue.runTask(ForkJoinPool.java:1056)
	at java.util.concurrent.ForkJoinPool.runWorker(ForkJoinPool.java:1692)
	at java.util.concurrent.ForkJoinWorkerThread.run(ForkJoinWorkerThread.java:172)
2020-08-24 17:12:26,697 ERROR [errorlog] java.lang.ClassNotFoundException: com.eviware.soapui.plugins.auto.factories.AutoImportMethodFactory
java.lang.ClassNotFoundException: com.eviware.soapui.plugins.auto.factories.AutoImportMethodFactory
	at org.codehaus.plexus.classworlds.strategy.SelfFirstStrategy.loadClass(SelfFirstStrategy.java:50)
	at org.codehaus.plexus.classworlds.realm.ClassRealm.unsynchronizedLoadClass(ClassRealm.java:271)
	at org.codehaus.plexus.classworlds.realm.ClassRealm.loadClass(ClassRealm.java:247)
	at org.codehaus.plexus.classworlds.realm.ClassRealm.loadClass(ClassRealm.java:239)
	at java.lang.Class.forName0(Native Method)
	at java.lang.Class.forName(Class.java:264)
	at com.eviware.soapui.plugins.LoaderBase.loadAutoFactories(LoaderBase.java:113)
	at com.eviware.soapui.plugins.LoaderBase.loadFactories(LoaderBase.java:80)
	at com.eviware.soapui.plugins.PluginLoader.loadPluginFactories(PluginLoader.java:141)
	at com.eviware.soapui.plugins.PluginLoader.loadPlugin(PluginLoader.java:104)
	at com.eviware.soapui.plugins.PluginLoader.loadPlugin(PluginLoader.java:54)
	at com.eviware.soapui.plugins.PluginManager.doInstallPlugin(PluginManager.java:141)
	at com.eviware.soapui.plugins.PluginManager.access$600(PluginManager.java:43)
	at com.eviware.soapui.plugins.PluginManager$LoadPluginsTask.computeSequentially(PluginManager.java:420)
	at com.eviware.soapui.plugins.PluginManager$LoadPluginsTask.compute(PluginManager.java:377)
	at com.eviware.soapui.plugins.PluginManager$LoadPluginsTask.compute(PluginManager.java:382)
	at com.eviware.soapui.plugins.PluginManager$LoadPluginsTask.compute(PluginManager.java:365)
	at java.util.concurrent.RecursiveTask.exec(RecursiveTask.java:94)
	at java.util.concurrent.ForkJoinTask.doExec(ForkJoinTask.java:289)
	at java.util.concurrent.ForkJoinPool$WorkQueue.runTask(ForkJoinPool.java:1056)
	at java.util.concurrent.ForkJoinPool.runWorker(ForkJoinPool.java:1692)
	at java.util.concurrent.ForkJoinWorkerThread.run(ForkJoinWorkerThread.java:172)
2020-08-24 17:12:26,793 ERROR [errorlog] java.lang.ClassNotFoundException: com.eviware.soapui.plugins.auto.factories.AutoDiscoveryMethodFactory
java.lang.ClassNotFoundException: com.eviware.soapui.plugins.auto.factories.AutoDiscoveryMethodFactory
	at org.codehaus.plexus.classworlds.strategy.SelfFirstStrategy.loadClass(SelfFirstStrategy.java:50)
	at org.codehaus.plexus.classworlds.realm.ClassRealm.unsynchronizedLoadClass(ClassRealm.java:271)
	at org.codehaus.plexus.classworlds.realm.ClassRealm.loadClass(ClassRealm.java:247)
	at org.codehaus.plexus.classworlds.realm.ClassRealm.loadClass(ClassRealm.java:239)
	at java.lang.Class.forName0(Native Method)
	at java.lang.Class.forName(Class.java:264)
	at com.eviware.soapui.plugins.LoaderBase.loadAutoFactories(LoaderBase.java:113)
	at com.eviware.soapui.plugins.LoaderBase.loadFactories(LoaderBase.java:80)
	at com.eviware.soapui.plugins.PluginLoader.loadPluginFactories(PluginLoader.java:141)
	at com.eviware.soapui.plugins.PluginLoader.loadPlugin(PluginLoader.java:104)
	at com.eviware.soapui.plugins.PluginLoader.loadPlugin(PluginLoader.java:54)
	at com.eviware.soapui.plugins.PluginManager.doInstallPlugin(PluginManager.java:141)
	at com.eviware.soapui.plugins.PluginManager.access$600(PluginManager.java:43)
	at com.eviware.soapui.plugins.PluginManager$LoadPluginsTask.computeSequentially(PluginManager.java:420)
	at com.eviware.soapui.plugins.PluginManager$LoadPluginsTask.compute(PluginManager.java:377)
	at com.eviware.soapui.plugins.PluginManager$LoadPluginsTask.compute(PluginManager.java:365)
	at java.util.concurrent.RecursiveTask.exec(RecursiveTask.java:94)
	at java.util.concurrent.ForkJoinTask.doExec(ForkJoinTask.java:289)
	at java.util.concurrent.ForkJoinPool$WorkQueue.runTask(ForkJoinPool.java:1056)
	at java.util.concurrent.ForkJoinPool.runWorker(ForkJoinPool.java:1692)
	at java.util.concurrent.ForkJoinWorkerThread.run(ForkJoinWorkerThread.java:172)
2020-08-24 17:12:27,064 ERROR [errorlog] java.lang.ClassNotFoundException: com.eviware.soapui.plugins.auto.factories.AutoImportMethodFactory
java.lang.ClassNotFoundException: com.eviware.soapui.plugins.auto.factories.AutoImportMethodFactory
	at org.codehaus.plexus.classworlds.strategy.SelfFirstStrategy.loadClass(SelfFirstStrategy.java:50)
	at org.codehaus.plexus.classworlds.realm.ClassRealm.unsynchronizedLoadClass(ClassRealm.java:271)
	at org.codehaus.plexus.classworlds.realm.ClassRealm.loadClass(ClassRealm.java:247)
	at org.codehaus.plexus.classworlds.realm.ClassRealm.loadClass(ClassRealm.java:239)
	at java.lang.Class.forName0(Native Method)
	at java.lang.Class.forName(Class.java:264)
	at com.eviware.soapui.plugins.LoaderBase.loadAutoFactories(LoaderBase.java:113)
	at com.eviware.soapui.plugins.LoaderBase.loadFactories(LoaderBase.java:80)
	at com.eviware.soapui.plugins.PluginLoader.loadPluginFactories(PluginLoader.java:141)
	at com.eviware.soapui.plugins.PluginLoader.loadPlugin(PluginLoader.java:104)
	at com.eviware.soapui.plugins.PluginLoader.loadPlugin(PluginLoader.java:54)
	at com.eviware.soapui.plugins.PluginManager.doInstallPlugin(PluginManager.java:141)
	at com.eviware.soapui.plugins.PluginManager.access$600(PluginManager.java:43)
	at com.eviware.soapui.plugins.PluginManager$LoadPluginsTask.computeSequentially(PluginManager.java:420)
	at com.eviware.soapui.plugins.PluginManager$LoadPluginsTask.compute(PluginManager.java:377)
	at com.eviware.soapui.plugins.PluginManager$LoadPluginsTask.compute(PluginManager.java:365)
	at java.util.concurrent.RecursiveTask.exec(RecursiveTask.java:94)
	at java.util.concurrent.ForkJoinTask.doExec(ForkJoinTask.java:289)
	at java.util.concurrent.ForkJoinPool$WorkQueue.runTask(ForkJoinPool.java:1056)
	at java.util.concurrent.ForkJoinPool.runWorker(ForkJoinPool.java:1692)
	at java.util.concurrent.ForkJoinWorkerThread.run(ForkJoinWorkerThread.java:172)
2020-08-24 17:12:27,531 ERROR [errorlog] java.lang.ClassNotFoundException: com.eviware.soapui.plugins.auto.factories.AutoDiscoveryMethodFactory
java.lang.ClassNotFoundException: com.eviware.soapui.plugins.auto.factories.AutoDiscoveryMethodFactory
	at org.codehaus.plexus.classworlds.strategy.SelfFirstStrategy.loadClass(SelfFirstStrategy.java:50)
	at org.codehaus.plexus.classworlds.realm.ClassRealm.unsynchronizedLoadClass(ClassRealm.java:271)
	at org.codehaus.plexus.classworlds.realm.ClassRealm.loadClass(ClassRealm.java:247)
	at org.codehaus.plexus.classworlds.realm.ClassRealm.loadClass(ClassRealm.java:239)
	at java.lang.Class.forName0(Native Method)
	at java.lang.Class.forName(Class.java:264)
	at com.eviware.soapui.plugins.LoaderBase.loadAutoFactories(LoaderBase.java:113)
	at com.eviware.soapui.plugins.LoaderBase.loadFactories(LoaderBase.java:80)
	at com.eviware.soapui.plugins.PluginLoader.loadPluginFactories(PluginLoader.java:141)
	at com.eviware.soapui.plugins.PluginLoader.loadPlugin(PluginLoader.java:104)
	at com.eviware.soapui.plugins.PluginLoader.loadPlugin(PluginLoader.java:54)
	at com.eviware.soapui.plugins.PluginManager.doInstallPlugin(PluginManager.java:141)
	at com.eviware.soapui.plugins.PluginManager.access$600(PluginManager.java:43)
	at com.eviware.soapui.plugins.PluginManager$LoadPluginsTask.computeSequentially(PluginManager.java:420)
	at com.eviware.soapui.plugins.PluginManager$LoadPluginsTask.compute(PluginManager.java:377)
	at com.eviware.soapui.plugins.PluginManager$LoadPluginsTask.compute(PluginManager.java:382)
	at com.eviware.soapui.plugins.PluginManager$LoadPluginsTask.compute(PluginManager.java:365)
	at java.util.concurrent.RecursiveTask.exec(RecursiveTask.java:94)
	at java.util.concurrent.ForkJoinTask.doExec(ForkJoinTask.java:289)
	at java.util.concurrent.ForkJoinPool$WorkQueue.runTask(ForkJoinPool.java:1056)
	at java.util.concurrent.ForkJoinPool.runWorker(ForkJoinPool.java:1692)
	at java.util.concurrent.ForkJoinWorkerThread.run(ForkJoinWorkerThread.java:172)
2020-08-24 17:12:27,723 ERROR [errorlog] java.lang.ClassNotFoundException: com.eviware.soapui.plugins.auto.factories.AutoImportMethodFactory
java.lang.ClassNotFoundException: com.eviware.soapui.plugins.auto.factories.AutoImportMethodFactory
	at org.codehaus.plexus.classworlds.strategy.SelfFirstStrategy.loadClass(SelfFirstStrategy.java:50)
	at org.codehaus.plexus.classworlds.realm.ClassRealm.unsynchronizedLoadClass(ClassRealm.java:271)
	at org.codehaus.plexus.classworlds.realm.ClassRealm.loadClass(ClassRealm.java:247)
	at org.codehaus.plexus.classworlds.realm.ClassRealm.loadClass(ClassRealm.java:239)
	at java.lang.Class.forName0(Native Method)
	at java.lang.Class.forName(Class.java:264)
	at com.eviware.soapui.plugins.LoaderBase.loadAutoFactories(LoaderBase.java:113)
	at com.eviware.soapui.plugins.LoaderBase.loadFactories(LoaderBase.java:80)
	at com.eviware.soapui.plugins.PluginLoader.loadPluginFactories(PluginLoader.java:141)
	at com.eviware.soapui.plugins.PluginLoader.loadPlugin(PluginLoader.java:104)
	at com.eviware.soapui.plugins.PluginLoader.loadPlugin(PluginLoader.java:54)
	at com.eviware.soapui.plugins.PluginManager.doInstallPlugin(PluginManager.java:141)
	at com.eviware.soapui.plugins.PluginManager.access$600(PluginManager.java:43)
	at com.eviware.soapui.plugins.PluginManager$LoadPluginsTask.computeSequentially(PluginManager.java:420)
	at com.eviware.soapui.plugins.PluginManager$LoadPluginsTask.compute(PluginManager.java:377)
	at com.eviware.soapui.plugins.PluginManager$LoadPluginsTask.compute(PluginManager.java:382)
	at com.eviware.soapui.plugins.PluginManager$LoadPluginsTask.compute(PluginManager.java:365)
	at java.util.concurrent.RecursiveTask.exec(RecursiveTask.java:94)
	at java.util.concurrent.ForkJoinTask.doExec(ForkJoinTask.java:289)
	at java.util.concurrent.ForkJoinPool$WorkQueue.runTask(ForkJoinPool.java:1056)
	at java.util.concurrent.ForkJoinPool.runWorker(ForkJoinPool.java:1692)
	at java.util.concurrent.ForkJoinWorkerThread.run(ForkJoinWorkerThread.java:172)
2020-08-24 17:12:28,394 ERROR [errorlog] java.lang.ClassNotFoundException: com.eviware.soapui.plugins.auto.factories.AutoDiscoveryMethodFactory
java.lang.ClassNotFoundException: com.eviware.soapui.plugins.auto.factories.AutoDiscoveryMethodFactory
	at org.codehaus.plexus.classworlds.strategy.SelfFirstStrategy.loadClass(SelfFirstStrategy.java:50)
	at org.codehaus.plexus.classworlds.realm.ClassRealm.unsynchronizedLoadClass(ClassRealm.java:271)
	at org.codehaus.plexus.classworlds.realm.ClassRealm.loadClass(ClassRealm.java:247)
	at org.codehaus.plexus.classworlds.realm.ClassRealm.loadClass(ClassRealm.java:239)
	at java.lang.Class.forName0(Native Method)
	at java.lang.Class.forName(Class.java:264)
	at com.eviware.soapui.plugins.LoaderBase.loadAutoFactories(LoaderBase.java:113)
	at com.eviware.soapui.plugins.LoaderBase.loadFactories(LoaderBase.java:80)
	at com.eviware.soapui.plugins.PluginLoader.loadPluginFactories(PluginLoader.java:141)
	at com.eviware.soapui.plugins.PluginLoader.loadPlugin(PluginLoader.java:104)
	at com.eviware.soapui.plugins.PluginLoader.loadPlugin(PluginLoader.java:54)
	at com.eviware.soapui.plugins.PluginManager.doInstallPlugin(PluginManager.java:141)
	at com.eviware.soapui.plugins.PluginManager.access$600(PluginManager.java:43)
	at com.eviware.soapui.plugins.PluginManager$LoadPluginsTask.computeSequentially(PluginManager.java:420)
	at com.eviware.soapui.plugins.PluginManager$LoadPluginsTask.compute(PluginManager.java:377)
	at com.eviware.soapui.plugins.PluginManager$LoadPluginsTask.compute(PluginManager.java:382)
	at com.eviware.soapui.plugins.PluginManager$LoadPluginsTask.compute(PluginManager.java:365)
	at java.util.concurrent.RecursiveTask.exec(RecursiveTask.java:94)
	at java.util.concurrent.ForkJoinTask.doExec(ForkJoinTask.java:289)
	at java.util.concurrent.ForkJoinPool$WorkQueue.runTask(ForkJoinPool.java:1056)
	at java.util.concurrent.ForkJoinPool.runWorker(ForkJoinPool.java:1692)
	at java.util.concurrent.ForkJoinWorkerThread.run(ForkJoinWorkerThread.java:172)
2020-08-24 17:12:28,538 ERROR [errorlog] java.lang.ClassNotFoundException: com.eviware.soapui.plugins.auto.factories.AutoImportMethodFactory
java.lang.ClassNotFoundException: com.eviware.soapui.plugins.auto.factories.AutoImportMethodFactory
	at org.codehaus.plexus.classworlds.strategy.SelfFirstStrategy.loadClass(SelfFirstStrategy.java:50)
	at org.codehaus.plexus.classworlds.realm.ClassRealm.unsynchronizedLoadClass(ClassRealm.java:271)
	at org.codehaus.plexus.classworlds.realm.ClassRealm.loadClass(ClassRealm.java:247)
	at org.codehaus.plexus.classworlds.realm.ClassRealm.loadClass(ClassRealm.java:239)
	at java.lang.Class.forName0(Native Method)
	at java.lang.Class.forName(Class.java:264)
	at com.eviware.soapui.plugins.LoaderBase.loadAutoFactories(LoaderBase.java:113)
	at com.eviware.soapui.plugins.LoaderBase.loadFactories(LoaderBase.java:80)
	at com.eviware.soapui.plugins.PluginLoader.loadPluginFactories(PluginLoader.java:141)
	at com.eviware.soapui.plugins.PluginLoader.loadPlugin(PluginLoader.java:104)
	at com.eviware.soapui.plugins.PluginLoader.loadPlugin(PluginLoader.java:54)
	at com.eviware.soapui.plugins.PluginManager.doInstallPlugin(PluginManager.java:141)
	at com.eviware.soapui.plugins.PluginManager.access$600(PluginManager.java:43)
	at com.eviware.soapui.plugins.PluginManager$LoadPluginsTask.computeSequentially(PluginManager.java:420)
	at com.eviware.soapui.plugins.PluginManager$LoadPluginsTask.compute(PluginManager.java:377)
	at com.eviware.soapui.plugins.PluginManager$LoadPluginsTask.compute(PluginManager.java:382)
	at com.eviware.soapui.plugins.PluginManager$LoadPluginsTask.compute(PluginManager.java:365)
	at java.util.concurrent.RecursiveTask.exec(RecursiveTask.java:94)
	at java.util.concurrent.ForkJoinTask.doExec(ForkJoinTask.java:289)
	at java.util.concurrent.ForkJoinPool$WorkQueue.runTask(ForkJoinPool.java:1056)
	at java.util.concurrent.ForkJoinPool.runWorker(ForkJoinPool.java:1692)
	at java.util.concurrent.ForkJoinWorkerThread.run(ForkJoinWorkerThread.java:172)
2020-08-24 17:25:20,839 ERROR [errorlog] java.lang.ClassNotFoundException: com.eviware.soapui.plugins.auto.factories.AutoImportMethodFactory
java.lang.ClassNotFoundException: com.eviware.soapui.plugins.auto.factories.AutoImportMethodFactory
	at org.codehaus.plexus.classworlds.strategy.SelfFirstStrategy.loadClass(SelfFirstStrategy.java:50)
	at org.codehaus.plexus.classworlds.realm.ClassRealm.unsynchronizedLoadClass(ClassRealm.java:271)
	at org.codehaus.plexus.classworlds.realm.ClassRealm.loadClass(ClassRealm.java:247)
	at org.codehaus.plexus.classworlds.realm.ClassRealm.loadClass(ClassRealm.java:239)
	at java.lang.Class.forName0(Native Method)
	at java.lang.Class.forName(Class.java:264)
	at com.eviware.soapui.plugins.LoaderBase.loadAutoFactories(LoaderBase.java:113)
	at com.eviware.soapui.plugins.LoaderBase.loadFactories(LoaderBase.java:80)
	at com.eviware.soapui.plugins.PluginLoader.loadPluginFactories(PluginLoader.java:141)
	at com.eviware.soapui.plugins.PluginLoader.loadPlugin(PluginLoader.java:104)
	at com.eviware.soapui.plugins.PluginLoader.loadPlugin(PluginLoader.java:54)
	at com.eviware.soapui.plugins.PluginManager.doInstallPlugin(PluginManager.java:141)
	at com.eviware.soapui.plugins.PluginManager.access$600(PluginManager.java:43)
	at com.eviware.soapui.plugins.PluginManager$LoadPluginsTask.computeSequentially(PluginManager.java:420)
	at com.eviware.soapui.plugins.PluginManager$LoadPluginsTask.compute(PluginManager.java:377)
	at com.eviware.soapui.plugins.PluginManager$LoadPluginsTask.compute(PluginManager.java:382)
	at com.eviware.soapui.plugins.PluginManager$LoadPluginsTask.compute(PluginManager.java:365)
	at java.util.concurrent.RecursiveTask.exec(RecursiveTask.java:94)
	at java.util.concurrent.ForkJoinTask.doExec(ForkJoinTask.java:289)
	at java.util.concurrent.ForkJoinPool$WorkQueue.runTask(ForkJoinPool.java:1056)
	at java.util.concurrent.ForkJoinPool.runWorker(ForkJoinPool.java:1692)
	at java.util.concurrent.ForkJoinWorkerThread.run(ForkJoinWorkerThread.java:172)
2020-08-24 17:25:21,072 ERROR [errorlog] java.lang.ClassNotFoundException: com.eviware.soapui.plugins.auto.factories.AutoDiscoveryMethodFactory
java.lang.ClassNotFoundException: com.eviware.soapui.plugins.auto.factories.AutoDiscoveryMethodFactory
	at org.codehaus.plexus.classworlds.strategy.SelfFirstStrategy.loadClass(SelfFirstStrategy.java:50)
	at org.codehaus.plexus.classworlds.realm.ClassRealm.unsynchronizedLoadClass(ClassRealm.java:271)
	at org.codehaus.plexus.classworlds.realm.ClassRealm.loadClass(ClassRealm.java:247)
	at org.codehaus.plexus.classworlds.realm.ClassRealm.loadClass(ClassRealm.java:239)
	at java.lang.Class.forName0(Native Method)
	at java.lang.Class.forName(Class.java:264)
	at com.eviware.soapui.plugins.LoaderBase.loadAutoFactories(LoaderBase.java:113)
	at com.eviware.soapui.plugins.LoaderBase.loadFactories(LoaderBase.java:80)
	at com.eviware.soapui.plugins.PluginLoader.loadPluginFactories(PluginLoader.java:141)
	at com.eviware.soapui.plugins.PluginLoader.loadPlugin(PluginLoader.java:104)
	at com.eviware.soapui.plugins.PluginLoader.loadPlugin(PluginLoader.java:54)
	at com.eviware.soapui.plugins.PluginManager.doInstallPlugin(PluginManager.java:141)
	at com.eviware.soapui.plugins.PluginManager.access$600(PluginManager.java:43)
	at com.eviware.soapui.plugins.PluginManager$LoadPluginsTask.computeSequentially(PluginManager.java:420)
	at com.eviware.soapui.plugins.PluginManager$LoadPluginsTask.compute(PluginManager.java:377)
	at com.eviware.soapui.plugins.PluginManager$LoadPluginsTask.compute(PluginManager.java:382)
	at com.eviware.soapui.plugins.PluginManager$LoadPluginsTask.compute(PluginManager.java:365)
	at java.util.concurrent.RecursiveTask.exec(RecursiveTask.java:94)
	at java.util.concurrent.ForkJoinTask.doExec(ForkJoinTask.java:289)
	at java.util.concurrent.ForkJoinPool$WorkQueue.runTask(ForkJoinPool.java:1056)
	at java.util.concurrent.ForkJoinPool.runWorker(ForkJoinPool.java:1692)
	at java.util.concurrent.ForkJoinWorkerThread.run(ForkJoinWorkerThread.java:172)
2020-08-24 17:25:21,251 ERROR [errorlog] java.lang.ClassNotFoundException: com.eviware.soapui.plugins.auto.factories.AutoImportMethodFactory
java.lang.ClassNotFoundException: com.eviware.soapui.plugins.auto.factories.AutoImportMethodFactory
	at org.codehaus.plexus.classworlds.strategy.SelfFirstStrategy.loadClass(SelfFirstStrategy.java:50)
	at org.codehaus.plexus.classworlds.realm.ClassRealm.unsynchronizedLoadClass(ClassRealm.java:271)
	at org.codehaus.plexus.classworlds.realm.ClassRealm.loadClass(ClassRealm.java:247)
	at org.codehaus.plexus.classworlds.realm.ClassRealm.loadClass(ClassRealm.java:239)
	at java.lang.Class.forName0(Native Method)
	at java.lang.Class.forName(Class.java:264)
	at com.eviware.soapui.plugins.LoaderBase.loadAutoFactories(LoaderBase.java:113)
	at com.eviware.soapui.plugins.LoaderBase.loadFactories(LoaderBase.java:80)
	at com.eviware.soapui.plugins.PluginLoader.loadPluginFactories(PluginLoader.java:141)
	at com.eviware.soapui.plugins.PluginLoader.loadPlugin(PluginLoader.java:104)
	at com.eviware.soapui.plugins.PluginLoader.loadPlugin(PluginLoader.java:54)
	at com.eviware.soapui.plugins.PluginManager.doInstallPlugin(PluginManager.java:141)
	at com.eviware.soapui.plugins.PluginManager.access$600(PluginManager.java:43)
	at com.eviware.soapui.plugins.PluginManager$LoadPluginsTask.computeSequentially(PluginManager.java:420)
	at com.eviware.soapui.plugins.PluginManager$LoadPluginsTask.compute(PluginManager.java:377)
	at com.eviware.soapui.plugins.PluginManager$LoadPluginsTask.compute(PluginManager.java:365)
	at java.util.concurrent.RecursiveTask.exec(RecursiveTask.java:94)
	at java.util.concurrent.ForkJoinTask.doExec(ForkJoinTask.java:289)
	at java.util.concurrent.ForkJoinPool$WorkQueue.runTask(ForkJoinPool.java:1056)
	at java.util.concurrent.ForkJoinPool.runWorker(ForkJoinPool.java:1692)
	at java.util.concurrent.ForkJoinWorkerThread.run(ForkJoinWorkerThread.java:172)
2020-08-24 17:25:21,571 ERROR [errorlog] java.lang.ClassNotFoundException: com.eviware.soapui.plugins.auto.factories.AutoDiscoveryMethodFactory
java.lang.ClassNotFoundException: com.eviware.soapui.plugins.auto.factories.AutoDiscoveryMethodFactory
	at org.codehaus.plexus.classworlds.strategy.SelfFirstStrategy.loadClass(SelfFirstStrategy.java:50)
	at org.codehaus.plexus.classworlds.realm.ClassRealm.unsynchronizedLoadClass(ClassRealm.java:271)
	at org.codehaus.plexus.classworlds.realm.ClassRealm.loadClass(ClassRealm.java:247)
	at org.codehaus.plexus.classworlds.realm.ClassRealm.loadClass(ClassRealm.java:239)
	at java.lang.Class.forName0(Native Method)
	at java.lang.Class.forName(Class.java:264)
	at com.eviware.soapui.plugins.LoaderBase.loadAutoFactories(LoaderBase.java:113)
	at com.eviware.soapui.plugins.LoaderBase.loadFactories(LoaderBase.java:80)
	at com.eviware.soapui.plugins.PluginLoader.loadPluginFactories(PluginLoader.java:141)
	at com.eviware.soapui.plugins.PluginLoader.loadPlugin(PluginLoader.java:104)
	at com.eviware.soapui.plugins.PluginLoader.loadPlugin(PluginLoader.java:54)
	at com.eviware.soapui.plugins.PluginManager.doInstallPlugin(PluginManager.java:141)
	at com.eviware.soapui.plugins.PluginManager.access$600(PluginManager.java:43)
	at com.eviware.soapui.plugins.PluginManager$LoadPluginsTask.computeSequentially(PluginManager.java:420)
	at com.eviware.soapui.plugins.PluginManager$LoadPluginsTask.compute(PluginManager.java:377)
	at com.eviware.soapui.plugins.PluginManager$LoadPluginsTask.compute(PluginManager.java:365)
	at java.util.concurrent.RecursiveTask.exec(RecursiveTask.java:94)
	at java.util.concurrent.ForkJoinTask.doExec(ForkJoinTask.java:289)
	at java.util.concurrent.ForkJoinPool$WorkQueue.runTask(ForkJoinPool.java:1056)
	at java.util.concurrent.ForkJoinPool.runWorker(ForkJoinPool.java:1692)
	at java.util.concurrent.ForkJoinWorkerThread.run(ForkJoinWorkerThread.java:172)
2020-08-24 17:25:22,170 ERROR [errorlog] java.lang.ClassNotFoundException: com.eviware.soapui.plugins.auto.factories.AutoImportMethodFactory
java.lang.ClassNotFoundException: com.eviware.soapui.plugins.auto.factories.AutoImportMethodFactory
	at org.codehaus.plexus.classworlds.strategy.SelfFirstStrategy.loadClass(SelfFirstStrategy.java:50)
	at org.codehaus.plexus.classworlds.realm.ClassRealm.unsynchronizedLoadClass(ClassRealm.java:271)
	at org.codehaus.plexus.classworlds.realm.ClassRealm.loadClass(ClassRealm.java:247)
	at org.codehaus.plexus.classworlds.realm.ClassRealm.loadClass(ClassRealm.java:239)
	at java.lang.Class.forName0(Native Method)
	at java.lang.Class.forName(Class.java:264)
	at com.eviware.soapui.plugins.LoaderBase.loadAutoFactories(LoaderBase.java:113)
	at com.eviware.soapui.plugins.LoaderBase.loadFactories(LoaderBase.java:80)
	at com.eviware.soapui.plugins.PluginLoader.loadPluginFactories(PluginLoader.java:141)
	at com.eviware.soapui.plugins.PluginLoader.loadPlugin(PluginLoader.java:104)
	at com.eviware.soapui.plugins.PluginLoader.loadPlugin(PluginLoader.java:54)
	at com.eviware.soapui.plugins.PluginManager.doInstallPlugin(PluginManager.java:141)
	at com.eviware.soapui.plugins.PluginManager.access$600(PluginManager.java:43)
	at com.eviware.soapui.plugins.PluginManager$LoadPluginsTask.computeSequentially(PluginManager.java:420)
	at com.eviware.soapui.plugins.PluginManager$LoadPluginsTask.compute(PluginManager.java:377)
	at com.eviware.soapui.plugins.PluginManager$LoadPluginsTask.compute(PluginManager.java:382)
	at com.eviware.soapui.plugins.PluginManager$LoadPluginsTask.compute(PluginManager.java:365)
	at java.util.concurrent.RecursiveTask.exec(RecursiveTask.java:94)
	at java.util.concurrent.ForkJoinTask.doExec(ForkJoinTask.java:289)
	at java.util.concurrent.ForkJoinPool$WorkQueue.runTask(ForkJoinPool.java:1056)
	at java.util.concurrent.ForkJoinPool.runWorker(ForkJoinPool.java:1692)
	at java.util.concurrent.ForkJoinWorkerThread.run(ForkJoinWorkerThread.java:172)
2020-08-24 17:25:22,343 ERROR [errorlog] java.lang.ClassNotFoundException: com.eviware.soapui.plugins.auto.factories.AutoDiscoveryMethodFactory
java.lang.ClassNotFoundException: com.eviware.soapui.plugins.auto.factories.AutoDiscoveryMethodFactory
	at org.codehaus.plexus.classworlds.strategy.SelfFirstStrategy.loadClass(SelfFirstStrategy.java:50)
	at org.codehaus.plexus.classworlds.realm.ClassRealm.unsynchronizedLoadClass(ClassRealm.java:271)
	at org.codehaus.plexus.classworlds.realm.ClassRealm.loadClass(ClassRealm.java:247)
	at org.codehaus.plexus.classworlds.realm.ClassRealm.loadClass(ClassRealm.java:239)
	at java.lang.Class.forName0(Native Method)
	at java.lang.Class.forName(Class.java:264)
	at com.eviware.soapui.plugins.LoaderBase.loadAutoFactories(LoaderBase.java:113)
	at com.eviware.soapui.plugins.LoaderBase.loadFactories(LoaderBase.java:80)
	at com.eviware.soapui.plugins.PluginLoader.loadPluginFactories(PluginLoader.java:141)
	at com.eviware.soapui.plugins.PluginLoader.loadPlugin(PluginLoader.java:104)
	at com.eviware.soapui.plugins.PluginLoader.loadPlugin(PluginLoader.java:54)
	at com.eviware.soapui.plugins.PluginManager.doInstallPlugin(PluginManager.java:141)
	at com.eviware.soapui.plugins.PluginManager.access$600(PluginManager.java:43)
	at com.eviware.soapui.plugins.PluginManager$LoadPluginsTask.computeSequentially(PluginManager.java:420)
	at com.eviware.soapui.plugins.PluginManager$LoadPluginsTask.compute(PluginManager.java:377)
	at com.eviware.soapui.plugins.PluginManager$LoadPluginsTask.compute(PluginManager.java:382)
	at com.eviware.soapui.plugins.PluginManager$LoadPluginsTask.compute(PluginManager.java:365)
	at java.util.concurrent.RecursiveTask.exec(RecursiveTask.java:94)
	at java.util.concurrent.ForkJoinTask.doExec(ForkJoinTask.java:289)
	at java.util.concurrent.ForkJoinPool$WorkQueue.runTask(ForkJoinPool.java:1056)
	at java.util.concurrent.ForkJoinPool.runWorker(ForkJoinPool.java:1692)
	at java.util.concurrent.ForkJoinWorkerThread.run(ForkJoinWorkerThread.java:172)
2020-08-24 17:25:23,087 ERROR [errorlog] java.lang.ClassNotFoundException: com.eviware.soapui.plugins.auto.factories.AutoImportMethodFactory
java.lang.ClassNotFoundException: com.eviware.soapui.plugins.auto.factories.AutoImportMethodFactory
	at org.codehaus.plexus.classworlds.strategy.SelfFirstStrategy.loadClass(SelfFirstStrategy.java:50)
	at org.codehaus.plexus.classworlds.realm.ClassRealm.unsynchronizedLoadClass(ClassRealm.java:271)
	at org.codehaus.plexus.classworlds.realm.ClassRealm.loadClass(ClassRealm.java:247)
	at org.codehaus.plexus.classworlds.realm.ClassRealm.loadClass(ClassRealm.java:239)
	at java.lang.Class.forName0(Native Method)
	at java.lang.Class.forName(Class.java:264)
	at com.eviware.soapui.plugins.LoaderBase.loadAutoFactories(LoaderBase.java:113)
	at com.eviware.soapui.plugins.LoaderBase.loadFactories(LoaderBase.java:80)
	at com.eviware.soapui.plugins.PluginLoader.loadPluginFactories(PluginLoader.java:141)
	at com.eviware.soapui.plugins.PluginLoader.loadPlugin(PluginLoader.java:104)
	at com.eviware.soapui.plugins.PluginLoader.loadPlugin(PluginLoader.java:54)
	at com.eviware.soapui.plugins.PluginManager.doInstallPlugin(PluginManager.java:141)
	at com.eviware.soapui.plugins.PluginManager.access$600(PluginManager.java:43)
	at com.eviware.soapui.plugins.PluginManager$LoadPluginsTask.computeSequentially(PluginManager.java:420)
	at com.eviware.soapui.plugins.PluginManager$LoadPluginsTask.compute(PluginManager.java:377)
	at com.eviware.soapui.plugins.PluginManager$LoadPluginsTask.compute(PluginManager.java:382)
	at com.eviware.soapui.plugins.PluginManager$LoadPluginsTask.compute(PluginManager.java:365)
	at java.util.concurrent.RecursiveTask.exec(RecursiveTask.java:94)
	at java.util.concurrent.ForkJoinTask.doExec(ForkJoinTask.java:289)
	at java.util.concurrent.ForkJoinPool$WorkQueue.runTask(ForkJoinPool.java:1056)
	at java.util.concurrent.ForkJoinPool.runWorker(ForkJoinPool.java:1692)
	at java.util.concurrent.ForkJoinWorkerThread.run(ForkJoinWorkerThread.java:172)
2020-08-24 17:25:23,247 ERROR [errorlog] java.lang.ClassNotFoundException: com.eviware.soapui.plugins.auto.factories.AutoDiscoveryMethodFactory
java.lang.ClassNotFoundException: com.eviware.soapui.plugins.auto.factories.AutoDiscoveryMethodFactory
	at org.codehaus.plexus.classworlds.strategy.SelfFirstStrategy.loadClass(SelfFirstStrategy.java:50)
	at org.codehaus.plexus.classworlds.realm.ClassRealm.unsynchronizedLoadClass(ClassRealm.java:271)
	at org.codehaus.plexus.classworlds.realm.ClassRealm.loadClass(ClassRealm.java:247)
	at org.codehaus.plexus.classworlds.realm.ClassRealm.loadClass(ClassRealm.java:239)
	at java.lang.Class.forName0(Native Method)
	at java.lang.Class.forName(Class.java:264)
	at com.eviware.soapui.plugins.LoaderBase.loadAutoFactories(LoaderBase.java:113)
	at com.eviware.soapui.plugins.LoaderBase.loadFactories(LoaderBase.java:80)
	at com.eviware.soapui.plugins.PluginLoader.loadPluginFactories(PluginLoader.java:141)
	at com.eviware.soapui.plugins.PluginLoader.loadPlugin(PluginLoader.java:104)
	at com.eviware.soapui.plugins.PluginLoader.loadPlugin(PluginLoader.java:54)
	at com.eviware.soapui.plugins.PluginManager.doInstallPlugin(PluginManager.java:141)
	at com.eviware.soapui.plugins.PluginManager.access$600(PluginManager.java:43)
	at com.eviware.soapui.plugins.PluginManager$LoadPluginsTask.computeSequentially(PluginManager.java:420)
	at com.eviware.soapui.plugins.PluginManager$LoadPluginsTask.compute(PluginManager.java:377)
	at com.eviware.soapui.plugins.PluginManager$LoadPluginsTask.compute(PluginManager.java:382)
	at com.eviware.soapui.plugins.PluginManager$LoadPluginsTask.compute(PluginManager.java:365)
	at java.util.concurrent.RecursiveTask.exec(RecursiveTask.java:94)
	at java.util.concurrent.ForkJoinTask.doExec(ForkJoinTask.java:289)
	at java.util.concurrent.ForkJoinPool$WorkQueue.runTask(ForkJoinPool.java:1056)
	at java.util.concurrent.ForkJoinPool.runWorker(ForkJoinPool.java:1692)
	at java.util.concurrent.ForkJoinWorkerThread.run(ForkJoinWorkerThread.java:172)
