2020-08-24 17:25:15,176 WARN  [SoapUI] Missing folder [C:\Users\AbinayaGovindarajan\Desktop\Project1\my-app\ext] for external libraries
2020-08-24 17:25:15,444 INFO  [DefaultSoapUICore] initialized soapui-settings from [C:\Users\AbinayaGovindarajan\soapui-settings.xml]
2020-08-24 17:25:17,641 WARN  [SoapUI] Plugin 'ready-uxm-plugin-os-1.0.3.jar' is not loaded because it hasn't been signed by SmartBear Software.
2020-08-24 17:25:18,690 INFO  [PluginManager] Adding plugin from [C:\Users\AbinayaGovindarajan\.soapuios\plugins\readyapi-postman-1.0.1.jar]
2020-08-24 17:25:18,690 INFO  [PluginManager] Adding plugin from [C:\Users\AbinayaGovindarajan\.soapuios\plugins\soapui-swagger-plugin-2.2-dist.jar]
2020-08-24 17:25:20,835 ERROR [SoapUI] An error occurred [com.eviware.soapui.plugins.auto.factories.AutoImportMethodFactory], see error log for details
2020-08-24 17:25:20,839 ERROR [errorlog] java.lang.ClassNotFoundException: com.eviware.soapui.plugins.auto.factories.AutoImportMethodFactory
java.lang.ClassNotFoundException: com.eviware.soapui.plugins.auto.factories.AutoImportMethodFactory
	at org.codehaus.plexus.classworlds.strategy.SelfFirstStrategy.loadClass(SelfFirstStrategy.java:50)
	at org.codehaus.plexus.classworlds.realm.ClassRealm.unsynchronizedLoadClass(ClassRealm.java:271)
	at org.codehaus.plexus.classworlds.realm.ClassRealm.loadClass(ClassRealm.java:247)
	at org.codehaus.plexus.classworlds.realm.ClassRealm.loadClass(ClassRealm.java:239)
	at java.lang.Class.forName0(Native Method)
	at java.lang.Class.forName(Class.java:264)
	at com.eviware.soapui.plugins.LoaderBase.loadAutoFactories(LoaderBase.java:113)
	at com.eviware.soapui.plugins.LoaderBase.loadFactories(LoaderBase.java:80)
	at com.eviware.soapui.plugins.PluginLoader.loadPluginFactories(PluginLoader.java:141)
	at com.eviware.soapui.plugins.PluginLoader.loadPlugin(PluginLoader.java:104)
	at com.eviware.soapui.plugins.PluginLoader.loadPlugin(PluginLoader.java:54)
	at com.eviware.soapui.plugins.PluginManager.doInstallPlugin(PluginManager.java:141)
	at com.eviware.soapui.plugins.PluginManager.access$600(PluginManager.java:43)
	at com.eviware.soapui.plugins.PluginManager$LoadPluginsTask.computeSequentially(PluginManager.java:420)
	at com.eviware.soapui.plugins.PluginManager$LoadPluginsTask.compute(PluginManager.java:377)
	at com.eviware.soapui.plugins.PluginManager$LoadPluginsTask.compute(PluginManager.java:382)
	at com.eviware.soapui.plugins.PluginManager$LoadPluginsTask.compute(PluginManager.java:365)
	at java.util.concurrent.RecursiveTask.exec(RecursiveTask.java:94)
	at java.util.concurrent.ForkJoinTask.doExec(ForkJoinTask.java:289)
	at java.util.concurrent.ForkJoinPool$WorkQueue.runTask(ForkJoinPool.java:1056)
	at java.util.concurrent.ForkJoinPool.runWorker(ForkJoinPool.java:1692)
	at java.util.concurrent.ForkJoinWorkerThread.run(ForkJoinWorkerThread.java:172)
2020-08-24 17:25:21,068 ERROR [SoapUI] An error occurred [com.eviware.soapui.plugins.auto.factories.AutoDiscoveryMethodFactory], see error log for details
2020-08-24 17:25:21,072 ERROR [errorlog] java.lang.ClassNotFoundException: com.eviware.soapui.plugins.auto.factories.AutoDiscoveryMethodFactory
java.lang.ClassNotFoundException: com.eviware.soapui.plugins.auto.factories.AutoDiscoveryMethodFactory
	at org.codehaus.plexus.classworlds.strategy.SelfFirstStrategy.loadClass(SelfFirstStrategy.java:50)
	at org.codehaus.plexus.classworlds.realm.ClassRealm.unsynchronizedLoadClass(ClassRealm.java:271)
	at org.codehaus.plexus.classworlds.realm.ClassRealm.loadClass(ClassRealm.java:247)
	at org.codehaus.plexus.classworlds.realm.ClassRealm.loadClass(ClassRealm.java:239)
	at java.lang.Class.forName0(Native Method)
	at java.lang.Class.forName(Class.java:264)
	at com.eviware.soapui.plugins.LoaderBase.loadAutoFactories(LoaderBase.java:113)
	at com.eviware.soapui.plugins.LoaderBase.loadFactories(LoaderBase.java:80)
	at com.eviware.soapui.plugins.PluginLoader.loadPluginFactories(PluginLoader.java:141)
	at com.eviware.soapui.plugins.PluginLoader.loadPlugin(PluginLoader.java:104)
	at com.eviware.soapui.plugins.PluginLoader.loadPlugin(PluginLoader.java:54)
	at com.eviware.soapui.plugins.PluginManager.doInstallPlugin(PluginManager.java:141)
	at com.eviware.soapui.plugins.PluginManager.access$600(PluginManager.java:43)
	at com.eviware.soapui.plugins.PluginManager$LoadPluginsTask.computeSequentially(PluginManager.java:420)
	at com.eviware.soapui.plugins.PluginManager$LoadPluginsTask.compute(PluginManager.java:377)
	at com.eviware.soapui.plugins.PluginManager$LoadPluginsTask.compute(PluginManager.java:382)
	at com.eviware.soapui.plugins.PluginManager$LoadPluginsTask.compute(PluginManager.java:365)
	at java.util.concurrent.RecursiveTask.exec(RecursiveTask.java:94)
	at java.util.concurrent.ForkJoinTask.doExec(ForkJoinTask.java:289)
	at java.util.concurrent.ForkJoinPool$WorkQueue.runTask(ForkJoinPool.java:1056)
	at java.util.concurrent.ForkJoinPool.runWorker(ForkJoinPool.java:1692)
	at java.util.concurrent.ForkJoinWorkerThread.run(ForkJoinWorkerThread.java:172)
2020-08-24 17:25:21,249 ERROR [SoapUI] An error occurred [com.eviware.soapui.plugins.auto.factories.AutoImportMethodFactory], see error log for details
2020-08-24 17:25:21,251 ERROR [errorlog] java.lang.ClassNotFoundException: com.eviware.soapui.plugins.auto.factories.AutoImportMethodFactory
java.lang.ClassNotFoundException: com.eviware.soapui.plugins.auto.factories.AutoImportMethodFactory
	at org.codehaus.plexus.classworlds.strategy.SelfFirstStrategy.loadClass(SelfFirstStrategy.java:50)
	at org.codehaus.plexus.classworlds.realm.ClassRealm.unsynchronizedLoadClass(ClassRealm.java:271)
	at org.codehaus.plexus.classworlds.realm.ClassRealm.loadClass(ClassRealm.java:247)
	at org.codehaus.plexus.classworlds.realm.ClassRealm.loadClass(ClassRealm.java:239)
	at java.lang.Class.forName0(Native Method)
	at java.lang.Class.forName(Class.java:264)
	at com.eviware.soapui.plugins.LoaderBase.loadAutoFactories(LoaderBase.java:113)
	at com.eviware.soapui.plugins.LoaderBase.loadFactories(LoaderBase.java:80)
	at com.eviware.soapui.plugins.PluginLoader.loadPluginFactories(PluginLoader.java:141)
	at com.eviware.soapui.plugins.PluginLoader.loadPlugin(PluginLoader.java:104)
	at com.eviware.soapui.plugins.PluginLoader.loadPlugin(PluginLoader.java:54)
	at com.eviware.soapui.plugins.PluginManager.doInstallPlugin(PluginManager.java:141)
	at com.eviware.soapui.plugins.PluginManager.access$600(PluginManager.java:43)
	at com.eviware.soapui.plugins.PluginManager$LoadPluginsTask.computeSequentially(PluginManager.java:420)
	at com.eviware.soapui.plugins.PluginManager$LoadPluginsTask.compute(PluginManager.java:377)
	at com.eviware.soapui.plugins.PluginManager$LoadPluginsTask.compute(PluginManager.java:365)
	at java.util.concurrent.RecursiveTask.exec(RecursiveTask.java:94)
	at java.util.concurrent.ForkJoinTask.doExec(ForkJoinTask.java:289)
	at java.util.concurrent.ForkJoinPool$WorkQueue.runTask(ForkJoinPool.java:1056)
	at java.util.concurrent.ForkJoinPool.runWorker(ForkJoinPool.java:1692)
	at java.util.concurrent.ForkJoinWorkerThread.run(ForkJoinWorkerThread.java:172)
2020-08-24 17:25:21,405 INFO  [PluginManager] Adding plugin from [C:\Users\AbinayaGovindarajan\.soapuios\plugins\ready-mqtt-plugin-dist.jar]
2020-08-24 17:25:21,568 ERROR [SoapUI] An error occurred [com.eviware.soapui.plugins.auto.factories.AutoDiscoveryMethodFactory], see error log for details
2020-08-24 17:25:21,571 ERROR [errorlog] java.lang.ClassNotFoundException: com.eviware.soapui.plugins.auto.factories.AutoDiscoveryMethodFactory
java.lang.ClassNotFoundException: com.eviware.soapui.plugins.auto.factories.AutoDiscoveryMethodFactory
	at org.codehaus.plexus.classworlds.strategy.SelfFirstStrategy.loadClass(SelfFirstStrategy.java:50)
	at org.codehaus.plexus.classworlds.realm.ClassRealm.unsynchronizedLoadClass(ClassRealm.java:271)
	at org.codehaus.plexus.classworlds.realm.ClassRealm.loadClass(ClassRealm.java:247)
	at org.codehaus.plexus.classworlds.realm.ClassRealm.loadClass(ClassRealm.java:239)
	at java.lang.Class.forName0(Native Method)
	at java.lang.Class.forName(Class.java:264)
	at com.eviware.soapui.plugins.LoaderBase.loadAutoFactories(LoaderBase.java:113)
	at com.eviware.soapui.plugins.LoaderBase.loadFactories(LoaderBase.java:80)
	at com.eviware.soapui.plugins.PluginLoader.loadPluginFactories(PluginLoader.java:141)
	at com.eviware.soapui.plugins.PluginLoader.loadPlugin(PluginLoader.java:104)
	at com.eviware.soapui.plugins.PluginLoader.loadPlugin(PluginLoader.java:54)
	at com.eviware.soapui.plugins.PluginManager.doInstallPlugin(PluginManager.java:141)
	at com.eviware.soapui.plugins.PluginManager.access$600(PluginManager.java:43)
	at com.eviware.soapui.plugins.PluginManager$LoadPluginsTask.computeSequentially(PluginManager.java:420)
	at com.eviware.soapui.plugins.PluginManager$LoadPluginsTask.compute(PluginManager.java:377)
	at com.eviware.soapui.plugins.PluginManager$LoadPluginsTask.compute(PluginManager.java:365)
	at java.util.concurrent.RecursiveTask.exec(RecursiveTask.java:94)
	at java.util.concurrent.ForkJoinTask.doExec(ForkJoinTask.java:289)
	at java.util.concurrent.ForkJoinPool$WorkQueue.runTask(ForkJoinPool.java:1056)
	at java.util.concurrent.ForkJoinPool.runWorker(ForkJoinPool.java:1692)
	at java.util.concurrent.ForkJoinWorkerThread.run(ForkJoinWorkerThread.java:172)
2020-08-24 17:25:22,169 ERROR [SoapUI] An error occurred [com.eviware.soapui.plugins.auto.factories.AutoImportMethodFactory], see error log for details
2020-08-24 17:25:22,170 ERROR [errorlog] java.lang.ClassNotFoundException: com.eviware.soapui.plugins.auto.factories.AutoImportMethodFactory
java.lang.ClassNotFoundException: com.eviware.soapui.plugins.auto.factories.AutoImportMethodFactory
	at org.codehaus.plexus.classworlds.strategy.SelfFirstStrategy.loadClass(SelfFirstStrategy.java:50)
	at org.codehaus.plexus.classworlds.realm.ClassRealm.unsynchronizedLoadClass(ClassRealm.java:271)
	at org.codehaus.plexus.classworlds.realm.ClassRealm.loadClass(ClassRealm.java:247)
	at org.codehaus.plexus.classworlds.realm.ClassRealm.loadClass(ClassRealm.java:239)
	at java.lang.Class.forName0(Native Method)
	at java.lang.Class.forName(Class.java:264)
	at com.eviware.soapui.plugins.LoaderBase.loadAutoFactories(LoaderBase.java:113)
	at com.eviware.soapui.plugins.LoaderBase.loadFactories(LoaderBase.java:80)
	at com.eviware.soapui.plugins.PluginLoader.loadPluginFactories(PluginLoader.java:141)
	at com.eviware.soapui.plugins.PluginLoader.loadPlugin(PluginLoader.java:104)
	at com.eviware.soapui.plugins.PluginLoader.loadPlugin(PluginLoader.java:54)
	at com.eviware.soapui.plugins.PluginManager.doInstallPlugin(PluginManager.java:141)
	at com.eviware.soapui.plugins.PluginManager.access$600(PluginManager.java:43)
	at com.eviware.soapui.plugins.PluginManager$LoadPluginsTask.computeSequentially(PluginManager.java:420)
	at com.eviware.soapui.plugins.PluginManager$LoadPluginsTask.compute(PluginManager.java:377)
	at com.eviware.soapui.plugins.PluginManager$LoadPluginsTask.compute(PluginManager.java:382)
	at com.eviware.soapui.plugins.PluginManager$LoadPluginsTask.compute(PluginManager.java:365)
	at java.util.concurrent.RecursiveTask.exec(RecursiveTask.java:94)
	at java.util.concurrent.ForkJoinTask.doExec(ForkJoinTask.java:289)
	at java.util.concurrent.ForkJoinPool$WorkQueue.runTask(ForkJoinPool.java:1056)
	at java.util.concurrent.ForkJoinPool.runWorker(ForkJoinPool.java:1692)
	at java.util.concurrent.ForkJoinWorkerThread.run(ForkJoinWorkerThread.java:172)
2020-08-24 17:25:22,335 ERROR [SoapUI] An error occurred [com.eviware.soapui.plugins.auto.factories.AutoDiscoveryMethodFactory], see error log for details
2020-08-24 17:25:22,343 ERROR [errorlog] java.lang.ClassNotFoundException: com.eviware.soapui.plugins.auto.factories.AutoDiscoveryMethodFactory
java.lang.ClassNotFoundException: com.eviware.soapui.plugins.auto.factories.AutoDiscoveryMethodFactory
	at org.codehaus.plexus.classworlds.strategy.SelfFirstStrategy.loadClass(SelfFirstStrategy.java:50)
	at org.codehaus.plexus.classworlds.realm.ClassRealm.unsynchronizedLoadClass(ClassRealm.java:271)
	at org.codehaus.plexus.classworlds.realm.ClassRealm.loadClass(ClassRealm.java:247)
	at org.codehaus.plexus.classworlds.realm.ClassRealm.loadClass(ClassRealm.java:239)
	at java.lang.Class.forName0(Native Method)
	at java.lang.Class.forName(Class.java:264)
	at com.eviware.soapui.plugins.LoaderBase.loadAutoFactories(LoaderBase.java:113)
	at com.eviware.soapui.plugins.LoaderBase.loadFactories(LoaderBase.java:80)
	at com.eviware.soapui.plugins.PluginLoader.loadPluginFactories(PluginLoader.java:141)
	at com.eviware.soapui.plugins.PluginLoader.loadPlugin(PluginLoader.java:104)
	at com.eviware.soapui.plugins.PluginLoader.loadPlugin(PluginLoader.java:54)
	at com.eviware.soapui.plugins.PluginManager.doInstallPlugin(PluginManager.java:141)
	at com.eviware.soapui.plugins.PluginManager.access$600(PluginManager.java:43)
	at com.eviware.soapui.plugins.PluginManager$LoadPluginsTask.computeSequentially(PluginManager.java:420)
	at com.eviware.soapui.plugins.PluginManager$LoadPluginsTask.compute(PluginManager.java:377)
	at com.eviware.soapui.plugins.PluginManager$LoadPluginsTask.compute(PluginManager.java:382)
	at com.eviware.soapui.plugins.PluginManager$LoadPluginsTask.compute(PluginManager.java:365)
	at java.util.concurrent.RecursiveTask.exec(RecursiveTask.java:94)
	at java.util.concurrent.ForkJoinTask.doExec(ForkJoinTask.java:289)
	at java.util.concurrent.ForkJoinPool$WorkQueue.runTask(ForkJoinPool.java:1056)
	at java.util.concurrent.ForkJoinPool.runWorker(ForkJoinPool.java:1692)
	at java.util.concurrent.ForkJoinWorkerThread.run(ForkJoinWorkerThread.java:172)
2020-08-24 17:25:22,520 INFO  [PluginManager] Adding plugin from [C:\Users\AbinayaGovindarajan\.soapuios\plugins\readyapi-swaggerhub-plugin-1.0.jar]
2020-08-24 17:25:23,086 ERROR [SoapUI] An error occurred [com.eviware.soapui.plugins.auto.factories.AutoImportMethodFactory], see error log for details
2020-08-24 17:25:23,087 ERROR [errorlog] java.lang.ClassNotFoundException: com.eviware.soapui.plugins.auto.factories.AutoImportMethodFactory
java.lang.ClassNotFoundException: com.eviware.soapui.plugins.auto.factories.AutoImportMethodFactory
	at org.codehaus.plexus.classworlds.strategy.SelfFirstStrategy.loadClass(SelfFirstStrategy.java:50)
	at org.codehaus.plexus.classworlds.realm.ClassRealm.unsynchronizedLoadClass(ClassRealm.java:271)
	at org.codehaus.plexus.classworlds.realm.ClassRealm.loadClass(ClassRealm.java:247)
	at org.codehaus.plexus.classworlds.realm.ClassRealm.loadClass(ClassRealm.java:239)
	at java.lang.Class.forName0(Native Method)
	at java.lang.Class.forName(Class.java:264)
	at com.eviware.soapui.plugins.LoaderBase.loadAutoFactories(LoaderBase.java:113)
	at com.eviware.soapui.plugins.LoaderBase.loadFactories(LoaderBase.java:80)
	at com.eviware.soapui.plugins.PluginLoader.loadPluginFactories(PluginLoader.java:141)
	at com.eviware.soapui.plugins.PluginLoader.loadPlugin(PluginLoader.java:104)
	at com.eviware.soapui.plugins.PluginLoader.loadPlugin(PluginLoader.java:54)
	at com.eviware.soapui.plugins.PluginManager.doInstallPlugin(PluginManager.java:141)
	at com.eviware.soapui.plugins.PluginManager.access$600(PluginManager.java:43)
	at com.eviware.soapui.plugins.PluginManager$LoadPluginsTask.computeSequentially(PluginManager.java:420)
	at com.eviware.soapui.plugins.PluginManager$LoadPluginsTask.compute(PluginManager.java:377)
	at com.eviware.soapui.plugins.PluginManager$LoadPluginsTask.compute(PluginManager.java:382)
	at com.eviware.soapui.plugins.PluginManager$LoadPluginsTask.compute(PluginManager.java:365)
	at java.util.concurrent.RecursiveTask.exec(RecursiveTask.java:94)
	at java.util.concurrent.ForkJoinTask.doExec(ForkJoinTask.java:289)
	at java.util.concurrent.ForkJoinPool$WorkQueue.runTask(ForkJoinPool.java:1056)
	at java.util.concurrent.ForkJoinPool.runWorker(ForkJoinPool.java:1692)
	at java.util.concurrent.ForkJoinWorkerThread.run(ForkJoinWorkerThread.java:172)
2020-08-24 17:25:23,244 ERROR [SoapUI] An error occurred [com.eviware.soapui.plugins.auto.factories.AutoDiscoveryMethodFactory], see error log for details
2020-08-24 17:25:23,247 ERROR [errorlog] java.lang.ClassNotFoundException: com.eviware.soapui.plugins.auto.factories.AutoDiscoveryMethodFactory
java.lang.ClassNotFoundException: com.eviware.soapui.plugins.auto.factories.AutoDiscoveryMethodFactory
	at org.codehaus.plexus.classworlds.strategy.SelfFirstStrategy.loadClass(SelfFirstStrategy.java:50)
	at org.codehaus.plexus.classworlds.realm.ClassRealm.unsynchronizedLoadClass(ClassRealm.java:271)
	at org.codehaus.plexus.classworlds.realm.ClassRealm.loadClass(ClassRealm.java:247)
	at org.codehaus.plexus.classworlds.realm.ClassRealm.loadClass(ClassRealm.java:239)
	at java.lang.Class.forName0(Native Method)
	at java.lang.Class.forName(Class.java:264)
	at com.eviware.soapui.plugins.LoaderBase.loadAutoFactories(LoaderBase.java:113)
	at com.eviware.soapui.plugins.LoaderBase.loadFactories(LoaderBase.java:80)
	at com.eviware.soapui.plugins.PluginLoader.loadPluginFactories(PluginLoader.java:141)
	at com.eviware.soapui.plugins.PluginLoader.loadPlugin(PluginLoader.java:104)
	at com.eviware.soapui.plugins.PluginLoader.loadPlugin(PluginLoader.java:54)
	at com.eviware.soapui.plugins.PluginManager.doInstallPlugin(PluginManager.java:141)
	at com.eviware.soapui.plugins.PluginManager.access$600(PluginManager.java:43)
	at com.eviware.soapui.plugins.PluginManager$LoadPluginsTask.computeSequentially(PluginManager.java:420)
	at com.eviware.soapui.plugins.PluginManager$LoadPluginsTask.compute(PluginManager.java:377)
	at com.eviware.soapui.plugins.PluginManager$LoadPluginsTask.compute(PluginManager.java:382)
	at com.eviware.soapui.plugins.PluginManager$LoadPluginsTask.compute(PluginManager.java:365)
	at java.util.concurrent.RecursiveTask.exec(RecursiveTask.java:94)
	at java.util.concurrent.ForkJoinTask.doExec(ForkJoinTask.java:289)
	at java.util.concurrent.ForkJoinPool$WorkQueue.runTask(ForkJoinPool.java:1056)
	at java.util.concurrent.ForkJoinPool.runWorker(ForkJoinPool.java:1692)
	at java.util.concurrent.ForkJoinWorkerThread.run(ForkJoinWorkerThread.java:172)
2020-08-24 17:25:23,408 INFO  [PluginManager] 4 plugins loaded in 4724 ms
2020-08-24 17:25:23,409 INFO  [DefaultSoapUICore] All plugins loaded
2020-08-24 17:25:25,148 INFO  [WsdlProject] Loaded project from [file:/C:/Users/AbinayaGovindarajan/Desktop/Project1/my-app/REST-Project-Assignment-soapui-project.xml]
2020-08-24 17:25:25,164 INFO  [SoapUITestCaseRunner] Running SoapUI tests in project [REST Project-Assignment]
2020-08-24 17:25:25,166 INFO  [SoapUITestCaseRunner] Running Project [REST Project-Assignment], runType = SEQUENTIAL
2020-08-24 17:25:25,187 INFO  [SoapUITestCaseRunner] Running SoapUI testcase [End to end Testing]
2020-08-24 17:25:25,221 INFO  [SoapUITestCaseRunner] running step [TC_001- Get Access Token]
2020-08-24 17:25:26,716 INFO  [log] Valid HTTP status code
2020-08-24 17:25:26,727 INFO  [SoapUITestCaseRunner] Assertion [Valid HTTP Status Codes] has status VALID
2020-08-24 17:25:26,727 INFO  [SoapUITestCaseRunner] Assertion [Script Assertion] has status VALID
2020-08-24 17:25:26,737 INFO  [SoapUITestCaseRunner] running step [TC_002-Login - TC_002-Login]
2020-08-24 17:25:27,161 INFO  [log] e83ac0c8b4a8a09a700bfbf81b430858d0630e2f
2020-08-24 17:25:27,859 INFO  [log] response code is 200
2020-08-24 17:25:27,878 INFO  [log] {"success":1,"error":[],"data":[{"customer_id":242,"customer_group_id":1,"name":"aaaa bbbb","email":"kkkk@gmail.com","newsletter":1,"status":1,"approved":"","safe":1,"ip":"","telephone":"2345678672","reward_points":0,"account_custom_field":{"1":"custom field","2":"2"},"custom_fields":[],"affiliate":{"customer_id":"242","company":"company","website":"http:\/\/demo.com","tracking":"2345678672","commission":"3.00","tax":"99988","payment":"paypal","cheque":"Demo","paypal":"demo@demo.com","bank_name":"Bank Name","bank_branch_number":"ABA\/BSB number (Branch Number)","bank_swift_code":"SWIFT Code","bank_account_name":"Account Name","bank_account_number":"Account Number","custom_field":{"1":"custom field"},"status":"1","date_added":"2019-12-19 12:32:14"},"addresses":[{"address_id":"234","customer_id":"242","firstname":"aaaa","lastname":"bbbb","company":"XYZ LTD.","address_1":"Demo street","address_2":"Long street 33","postcode":"1111","city":"Berlin","zone_id":"1256","zone":"Berlin","zone_code":"BER","country_id":"81","country":"Germany","iso_code_2":"DE","iso_code_3":"DEU","address_format":"{company}\r\n{firstname} {lastname}\r\n{address_1}\r\n{address_2}\r\n{postcode} {city}\r\n{country}","custom_field":{"3":"https:\/\/rest-api.upskills.in"}}],"date_added":"19\/12\/2019"},{"customer_id":1677,"customer_group_id":1,"name":"abc defc","email":"abc@gmail.com","newsletter":0,"status":1,"approved":"","safe":0,"ip":"","telephone":"1-541-754-3010","reward_points":0,"account_custom_field":[],"custom_fields":[],"affiliate":[],"addresses":[],"date_added":"23\/08\/2020"},{"customer_id":1339,"customer_group_id":1,"name":"Abhay Pujari","email":"AbhayPujari@gmail.com","newsletter":0,"status":1,"approved":"","safe":0,"ip":"","telephone":"1-541-754-3010","reward_points":0,"account_custom_field":[],"custom_fields":[],"affiliate":[],"addresses":[],"date_added":"26\/07\/2020"},{"customer_id":1631,"customer_group_id":1,"name":"Abinaya User","email":"abigvnd2308@gmail.com","newsletter":1,"status":1,"approved":"","safe":1,"ip":"","telephone":"1-541-754-3010","reward_points":0,"account_custom_field":{"1":"custom field","2":"2"},"custom_fields":[],"affiliate":{"customer_id":"1631","company":"company","website":"http:\/\/demo.com","tracking":"Tracking23087982","commission":"3.00","tax":"99998888","payment":"paypal","cheque":"Demo","paypal":"demo@demo.com","bank_name":"Bank Name","bank_branch_number":"ABA\/BSB number (Branch Number)","bank_swift_code":"SWIFT Code","bank_account_name":"Account Name","bank_account_number":"Account Number","custom_field":{"1":"custom field"},"status":"1","date_added":"2020-08-23 06:19:09"},"addresses":[{"address_id":"537","customer_id":"1631","firstname":"Abinaya","lastname":"User","company":"XYZ LTD.","address_1":"Demo street","address_2":"Long street 33","postcode":"1111","city":"Berlin","zone_id":"1256","zone":"Berlin","zone_code":"BER","country_id":"81","country":"Germany","iso_code_2":"DE","iso_code_3":"DEU","address_format":"{company}\r\n{firstname} {lastname}\r\n{address_1}\r\n{address_2}\r\n{postcode} {city}\r\n{country}","custom_field":{"3":"https:\/\/rest-api.upskills.in"}}],"date_added":"23\/08\/2020"},{"customer_id":1641,"customer_group_id":1,"name":"Admin User","email":"nidhi1@gmail.com","newsletter":0,"status":1,"approved":"","safe":0,"ip":"182.68.21.6","telephone":"1-541-754-3010","reward_points":0,"account_custom_field":{"1":"+364545454"},"custom_fields":[],"affiliate":[],"addresses":[],"date_added":"23\/08\/2020"},{"customer_id":396,"customer_group_id":1,"name":"Admn UserMy","email":"admnuser100@gmail.com","newsletter":0,"status":1,"approved":"","safe":0,"ip":"","telephone":"1-541-754-3010","reward_points":0,"account_custom_field":[],"custom_fields":[],"affiliate":[],"addresses":[],"date_added":"15\/04\/2020"},{"customer_id":400,"customer_group_id":1,"name":"Admn UserMy","email":"admnuser101@gmail.com","newsletter":0,"status":1,"approved":"","safe":0,"ip":"","telephone":"1-541-754-3010","reward_points":0,"account_custom_field":[],"custom_fields":[],"affiliate":[],"addresses":[],"date_added":"16\/04\/2020"},{"customer_id":534,"customer_group_id":1,"name":"Ajitan Usererd","email":"nash1dsds@vipmail.com","newsletter":0,"status":1,"approved":"","safe":0,"ip":"","telephone":"1-541-754-3010","reward_points":0,"account_custom_field":[],"custom_fields":[],"affiliate":[],"addresses":[],"date_added":"11\/06\/2020"},{"customer_id":535,"customer_group_id":1,"name":"Ajitan Usererd","email":"nash1dsdss@vipmail.com","newsletter":0,"status":1,"approved":"","safe":0,"ip":"","telephone":"1-541-754-3010","reward_points":0,"account_custom_field":[],"custom_fields":[],"affiliate":[],"addresses":[],"date_added":"11\/06\/2020"},{"customer_id":537,"customer_group_id":1,"name":"Ajitan Usererd","email":"nas@vipmail.com","newsletter":0,"status":1,"approved":"","safe":0,"ip":"","telephone":"1-541-754-3010","reward_points":0,"account_custom_field":[],"custom_fields":[],"affiliate":[],"addresses":[],"date_added":"11\/06\/2020"},{"customer_id":322,"customer_group_id":1,"name":"Aniruddh Gupta","email":"aniruddh@gmail.com","newsletter":1,"status":1,"approved":"","safe":1,"ip":"","telephone":"1-541-754-3010","reward_points":"120","account_custom_field":{"1":"custom field","2":"2"},"custom_fields":[],"affiliate":{"customer_id":"322","company":"company","website":"http:\/\/demo.com","tracking":"Tracking number 22345","commission":"3.00","tax":"19988880","payment":"paypal","cheque":"Demo","paypal":"demo@demo.com","bank_name":"Bank Name","bank_branch_number":"ABA\/BSB number (Branch Number)","bank_swift_code":"SWIFT Code","bank_account_name":"Account Name","bank_account_number":"Account Number","custom_field":{"1":"custom field"},"status":"1","date_added":"2020-04-09 05:06:24"},"addresses":[{"address_id":"282","customer_id":"322","firstname":"Aniruddh","lastname":"Gupta","company":"ABC LTD.","address_1":"New Wave street","address_2":"Long street 33","postcode":"1111","city":"Bangalore","zone_id":"1256","zone":"Berlin","zone_code":"BER","country_id":"91","country":"Guinea-Bissau","iso_code_2":"GW","iso_code_3":"GNB","address_format":"","custom_field":{"3":"https:\/\/rest-api.upskills.in"}}],"date_added":"09\/04\/2020"},{"customer_id":1642,"customer_group_id":1,"name":"Anitha Raman","email":"aniraman@gmail.com","newsletter":0,"status":1,"approved":"","safe":0,"ip":"","telephone":"1-541-754-3010","reward_points":0,"account_custom_field":[],"custom_fields":[],"affiliate":[],"addresses":[],"date_added":"23\/08\/2020"},{"customer_id":1643,"customer_group_id":1,"name":"Anitha Raman","email":"aniraman1@gmail.com","newsletter":0,"status":1,"approved":"","safe":0,"ip":"","telephone":"1-541-754-3010","reward_points":0,"account_custom_field":[],"custom_fields":[],"affiliate":[],"addresses":[],"date_added":"23\/08\/2020"},{"customer_id":1644,"customer_group_id":1,"name":"Anitha Raman","email":"aniraman2@gmail.com","newsletter":0,"status":1,"approved":"","safe":0,"ip":"","telephone":"1-541-754-3010","reward_points":0,"account_custom_field":[],"custom_fields":[],"affiliate":[],"addresses":[],"date_added":"23\/08\/2020"},{"customer_id":1670,"customer_group_id":1,"name":"Anitha Raman","email":"aniraman4@gmail.com","newsletter":0,"status":1,"approved":"","safe":0,"ip":"","telephone":"1-541-754-3010","reward_points":0,"account_custom_field":[],"custom_fields":[],"affiliate":[],"addresses":[],"date_added":"23\/08\/2020"},{"customer_id":1672,"customer_group_id":1,"name":"Anitha Raman","email":"aniraman54@gmail.com","newsletter":0,"status":1,"approved":"","safe":0,"ip":"","telephone":"1-541-754-3010","reward_points":0,"account_custom_field":[],"custom_fields":[],"affiliate":[],"addresses":[],"date_added":"23\/08\/2020"},{"customer_id":1673,"customer_group_id":1,"name":"Anitha Raman","email":"aniraman46@gmail.com","newsletter":0,"status":1,"approved":"","safe":0,"ip":"","telephone":"1-541-754-3010","reward_points":0,"account_custom_field":[],"custom_fields":[],"affiliate":[],"addresses":[],"date_added":"23\/08\/2020"},{"customer_id":1674,"customer_group_id":1,"name":"Anitha Raman","email":"aniraman47@gmail.com","newsletter":0,"status":1,"approved":"","safe":0,"ip":"","telephone":"1-541-754-3010","reward_points":0,"account_custom_field":[],"custom_fields":[],"affiliate":[],"addresses":[],"date_added":"23\/08\/2020"},{"customer_id":1675,"customer_group_id":1,"name":"Anitha Raman","email":"aniraman48@gmail.com","newsletter":0,"status":1,"approved":"","safe":0,"ip":"","telephone":"1-541-754-3010","reward_points":0,"account_custom_field":[],"custom_fields":[],"affiliate":[],"addresses":[],"date_added":"23\/08\/2020"},{"customer_id":1676,"customer_group_id":1,"name":"Anitha Raman","email":"aniraman49@gmail.com","newsletter":0,"status":1,"approved":"","safe":0,"ip":"","telephone":"988-3010","reward_points":0,"account_custom_field":[],"custom_fields":[],"affiliate":[],"addresses":[],"date_added":"23\/08\/2020"}]}
2020-08-24 17:25:28,066 INFO  [SoapUITestCaseRunner] Assertion [Valid HTTP Status Codes] has status VALID
2020-08-24 17:25:28,066 INFO  [SoapUITestCaseRunner] Assertion [Script Assertion] has status VALID
2020-08-24 17:25:28,067 INFO  [SoapUITestCaseRunner] running step [ReadDatafromExcel]
2020-08-24 17:25:28,667 INFO  [log] Number of rows are  2
2020-08-24 17:25:28,670 INFO  [log] Number of columns are 6
2020-08-24 17:25:28,704 INFO  [SoapUITestCaseRunner] running step [TC_003 Get Customer list fileter by Limit 6]
2020-08-24 17:25:29,184 INFO  [log] e83ac0c8b4a8a09a700bfbf81b430858d0630e2f
2020-08-24 17:25:29,571 INFO  [log] response code is 200
2020-08-24 17:25:29,573 INFO  [log] {"success":1,"error":[],"data":[{"customer_id":242,"customer_group_id":1,"name":"aaaa bbbb","email":"kkkk@gmail.com","newsletter":1,"status":1,"approved":"","safe":1,"ip":"","telephone":"2345678672","reward_points":0,"account_custom_field":{"1":"custom field","2":"2"},"custom_fields":[],"affiliate":{"customer_id":"242","company":"company","website":"http:\/\/demo.com","tracking":"2345678672","commission":"3.00","tax":"99988","payment":"paypal","cheque":"Demo","paypal":"demo@demo.com","bank_name":"Bank Name","bank_branch_number":"ABA\/BSB number (Branch Number)","bank_swift_code":"SWIFT Code","bank_account_name":"Account Name","bank_account_number":"Account Number","custom_field":{"1":"custom field"},"status":"1","date_added":"2019-12-19 12:32:14"},"addresses":[{"address_id":"234","customer_id":"242","firstname":"aaaa","lastname":"bbbb","company":"XYZ LTD.","address_1":"Demo street","address_2":"Long street 33","postcode":"1111","city":"Berlin","zone_id":"1256","zone":"Berlin","zone_code":"BER","country_id":"81","country":"Germany","iso_code_2":"DE","iso_code_3":"DEU","address_format":"{company}\r\n{firstname} {lastname}\r\n{address_1}\r\n{address_2}\r\n{postcode} {city}\r\n{country}","custom_field":{"3":"https:\/\/rest-api.upskills.in"}}],"date_added":"19\/12\/2019"},{"customer_id":1677,"customer_group_id":1,"name":"abc defc","email":"abc@gmail.com","newsletter":0,"status":1,"approved":"","safe":0,"ip":"","telephone":"1-541-754-3010","reward_points":0,"account_custom_field":[],"custom_fields":[],"affiliate":[],"addresses":[],"date_added":"23\/08\/2020"},{"customer_id":1339,"customer_group_id":1,"name":"Abhay Pujari","email":"AbhayPujari@gmail.com","newsletter":0,"status":1,"approved":"","safe":0,"ip":"","telephone":"1-541-754-3010","reward_points":0,"account_custom_field":[],"custom_fields":[],"affiliate":[],"addresses":[],"date_added":"26\/07\/2020"},{"customer_id":1631,"customer_group_id":1,"name":"Abinaya User","email":"abigvnd2308@gmail.com","newsletter":1,"status":1,"approved":"","safe":1,"ip":"","telephone":"1-541-754-3010","reward_points":0,"account_custom_field":{"1":"custom field","2":"2"},"custom_fields":[],"affiliate":{"customer_id":"1631","company":"company","website":"http:\/\/demo.com","tracking":"Tracking23087982","commission":"3.00","tax":"99998888","payment":"paypal","cheque":"Demo","paypal":"demo@demo.com","bank_name":"Bank Name","bank_branch_number":"ABA\/BSB number (Branch Number)","bank_swift_code":"SWIFT Code","bank_account_name":"Account Name","bank_account_number":"Account Number","custom_field":{"1":"custom field"},"status":"1","date_added":"2020-08-23 06:19:09"},"addresses":[{"address_id":"537","customer_id":"1631","firstname":"Abinaya","lastname":"User","company":"XYZ LTD.","address_1":"Demo street","address_2":"Long street 33","postcode":"1111","city":"Berlin","zone_id":"1256","zone":"Berlin","zone_code":"BER","country_id":"81","country":"Germany","iso_code_2":"DE","iso_code_3":"DEU","address_format":"{company}\r\n{firstname} {lastname}\r\n{address_1}\r\n{address_2}\r\n{postcode} {city}\r\n{country}","custom_field":{"3":"https:\/\/rest-api.upskills.in"}}],"date_added":"23\/08\/2020"},{"customer_id":1641,"customer_group_id":1,"name":"Admin User","email":"nidhi1@gmail.com","newsletter":0,"status":1,"approved":"","safe":0,"ip":"182.68.21.6","telephone":"1-541-754-3010","reward_points":0,"account_custom_field":{"1":"+364545454"},"custom_fields":[],"affiliate":[],"addresses":[],"date_added":"23\/08\/2020"},{"customer_id":396,"customer_group_id":1,"name":"Admn UserMy","email":"admnuser100@gmail.com","newsletter":0,"status":1,"approved":"","safe":0,"ip":"","telephone":"1-541-754-3010","reward_points":0,"account_custom_field":[],"custom_fields":[],"affiliate":[],"addresses":[],"date_added":"15\/04\/2020"},{"customer_id":400,"customer_group_id":1,"name":"Admn UserMy","email":"admnuser101@gmail.com","newsletter":0,"status":1,"approved":"","safe":0,"ip":"","telephone":"1-541-754-3010","reward_points":0,"account_custom_field":[],"custom_fields":[],"affiliate":[],"addresses":[],"date_added":"16\/04\/2020"},{"customer_id":534,"customer_group_id":1,"name":"Ajitan Usererd","email":"nash1dsds@vipmail.com","newsletter":0,"status":1,"approved":"","safe":0,"ip":"","telephone":"1-541-754-3010","reward_points":0,"account_custom_field":[],"custom_fields":[],"affiliate":[],"addresses":[],"date_added":"11\/06\/2020"},{"customer_id":535,"customer_group_id":1,"name":"Ajitan Usererd","email":"nash1dsdss@vipmail.com","newsletter":0,"status":1,"approved":"","safe":0,"ip":"","telephone":"1-541-754-3010","reward_points":0,"account_custom_field":[],"custom_fields":[],"affiliate":[],"addresses":[],"date_added":"11\/06\/2020"},{"customer_id":537,"customer_group_id":1,"name":"Ajitan Usererd","email":"nas@vipmail.com","newsletter":0,"status":1,"approved":"","safe":0,"ip":"","telephone":"1-541-754-3010","reward_points":0,"account_custom_field":[],"custom_fields":[],"affiliate":[],"addresses":[],"date_added":"11\/06\/2020"},{"customer_id":322,"customer_group_id":1,"name":"Aniruddh Gupta","email":"aniruddh@gmail.com","newsletter":1,"status":1,"approved":"","safe":1,"ip":"","telephone":"1-541-754-3010","reward_points":"120","account_custom_field":{"1":"custom field","2":"2"},"custom_fields":[],"affiliate":{"customer_id":"322","company":"company","website":"http:\/\/demo.com","tracking":"Tracking number 22345","commission":"3.00","tax":"19988880","payment":"paypal","cheque":"Demo","paypal":"demo@demo.com","bank_name":"Bank Name","bank_branch_number":"ABA\/BSB number (Branch Number)","bank_swift_code":"SWIFT Code","bank_account_name":"Account Name","bank_account_number":"Account Number","custom_field":{"1":"custom field"},"status":"1","date_added":"2020-04-09 05:06:24"},"addresses":[{"address_id":"282","customer_id":"322","firstname":"Aniruddh","lastname":"Gupta","company":"ABC LTD.","address_1":"New Wave street","address_2":"Long street 33","postcode":"1111","city":"Bangalore","zone_id":"1256","zone":"Berlin","zone_code":"BER","country_id":"91","country":"Guinea-Bissau","iso_code_2":"GW","iso_code_3":"GNB","address_format":"","custom_field":{"3":"https:\/\/rest-api.upskills.in"}}],"date_added":"09\/04\/2020"},{"customer_id":1642,"customer_group_id":1,"name":"Anitha Raman","email":"aniraman@gmail.com","newsletter":0,"status":1,"approved":"","safe":0,"ip":"","telephone":"1-541-754-3010","reward_points":0,"account_custom_field":[],"custom_fields":[],"affiliate":[],"addresses":[],"date_added":"23\/08\/2020"},{"customer_id":1643,"customer_group_id":1,"name":"Anitha Raman","email":"aniraman1@gmail.com","newsletter":0,"status":1,"approved":"","safe":0,"ip":"","telephone":"1-541-754-3010","reward_points":0,"account_custom_field":[],"custom_fields":[],"affiliate":[],"addresses":[],"date_added":"23\/08\/2020"},{"customer_id":1644,"customer_group_id":1,"name":"Anitha Raman","email":"aniraman2@gmail.com","newsletter":0,"status":1,"approved":"","safe":0,"ip":"","telephone":"1-541-754-3010","reward_points":0,"account_custom_field":[],"custom_fields":[],"affiliate":[],"addresses":[],"date_added":"23\/08\/2020"},{"customer_id":1670,"customer_group_id":1,"name":"Anitha Raman","email":"aniraman4@gmail.com","newsletter":0,"status":1,"approved":"","safe":0,"ip":"","telephone":"1-541-754-3010","reward_points":0,"account_custom_field":[],"custom_fields":[],"affiliate":[],"addresses":[],"date_added":"23\/08\/2020"},{"customer_id":1672,"customer_group_id":1,"name":"Anitha Raman","email":"aniraman54@gmail.com","newsletter":0,"status":1,"approved":"","safe":0,"ip":"","telephone":"1-541-754-3010","reward_points":0,"account_custom_field":[],"custom_fields":[],"affiliate":[],"addresses":[],"date_added":"23\/08\/2020"},{"customer_id":1673,"customer_group_id":1,"name":"Anitha Raman","email":"aniraman46@gmail.com","newsletter":0,"status":1,"approved":"","safe":0,"ip":"","telephone":"1-541-754-3010","reward_points":0,"account_custom_field":[],"custom_fields":[],"affiliate":[],"addresses":[],"date_added":"23\/08\/2020"},{"customer_id":1674,"customer_group_id":1,"name":"Anitha Raman","email":"aniraman47@gmail.com","newsletter":0,"status":1,"approved":"","safe":0,"ip":"","telephone":"1-541-754-3010","reward_points":0,"account_custom_field":[],"custom_fields":[],"affiliate":[],"addresses":[],"date_added":"23\/08\/2020"},{"customer_id":1675,"customer_group_id":1,"name":"Anitha Raman","email":"aniraman48@gmail.com","newsletter":0,"status":1,"approved":"","safe":0,"ip":"","telephone":"1-541-754-3010","reward_points":0,"account_custom_field":[],"custom_fields":[],"affiliate":[],"addresses":[],"date_added":"23\/08\/2020"},{"customer_id":1676,"customer_group_id":1,"name":"Anitha Raman","email":"aniraman49@gmail.com","newsletter":0,"status":1,"approved":"","safe":0,"ip":"","telephone":"988-3010","reward_points":0,"account_custom_field":[],"custom_fields":[],"affiliate":[],"addresses":[],"date_added":"23\/08\/2020"}]}
2020-08-24 17:25:29,769 INFO  [SoapUITestCaseRunner] Assertion [Valid HTTP Status Codes] has status VALID
2020-08-24 17:25:29,777 INFO  [SoapUITestCaseRunner] Assertion [Script Assertion] has status VALID
2020-08-24 17:25:29,779 INFO  [SoapUITestCaseRunner] running step [TC_004 Get list customer filtered by added on]
2020-08-24 17:25:30,513 INFO  [log] Number of rows are  3
2020-08-24 17:25:30,514 INFO  [log] cell value is26/11/2019
2020-08-24 17:25:30,516 INFO  [log] {data=[{account_custom_field=[], addresses=[], affiliate=[], approved=, custom_fields=[], customer_group_id=1, customer_id=6, date_added=26/11/2019, email=nash1@vipmail..hu, ip=, name=Demo User, newsletter=0, reward_points=0, safe=0, status=1, telephone=1-541-754-3010}], error=[], success=1}
2020-08-24 17:25:30,546 INFO  [log] Id size=[nash1@vipmail..hu]
2020-08-24 17:25:30,552 INFO  [log] Count size=1
2020-08-24 17:25:30,556 INFO  [log] cell value is23/08/2020
2020-08-24 17:25:30,562 INFO  [log] {data=[{account_custom_field=[], addresses=[], affiliate=[], approved=, custom_fields=[], customer_group_id=1, customer_id=6, date_added=26/11/2019, email=nash1@vipmail..hu, ip=, name=Demo User, newsletter=0, reward_points=0, safe=0, status=1, telephone=1-541-754-3010}], error=[], success=1}
2020-08-24 17:25:30,569 INFO  [log] Id size=[nash1@vipmail..hu]
2020-08-24 17:25:30,572 INFO  [log] Count size=2
2020-08-24 17:25:30,577 INFO  [log] Id size=1
2020-08-24 17:25:30,579 INFO  [log] Count size=2
2020-08-24 17:25:30,582 INFO  [log]  
2020-08-24 17:25:30,616 INFO  [log] e83ac0c8b4a8a09a700bfbf81b430858d0630e2f
2020-08-24 17:25:30,979 INFO  [log] response code is 200
2020-08-24 17:25:30,983 INFO  [log] {"success":1,"error":[],"data":[{"customer_id":242,"customer_group_id":1,"name":"aaaa bbbb","email":"kkkk@gmail.com","newsletter":1,"status":1,"approved":"","safe":1,"ip":"","telephone":"2345678672","reward_points":0,"account_custom_field":{"1":"custom field","2":"2"},"custom_fields":[],"affiliate":{"customer_id":"242","company":"company","website":"http:\/\/demo.com","tracking":"2345678672","commission":"3.00","tax":"99988","payment":"paypal","cheque":"Demo","paypal":"demo@demo.com","bank_name":"Bank Name","bank_branch_number":"ABA\/BSB number (Branch Number)","bank_swift_code":"SWIFT Code","bank_account_name":"Account Name","bank_account_number":"Account Number","custom_field":{"1":"custom field"},"status":"1","date_added":"2019-12-19 12:32:14"},"addresses":[{"address_id":"234","customer_id":"242","firstname":"aaaa","lastname":"bbbb","company":"XYZ LTD.","address_1":"Demo street","address_2":"Long street 33","postcode":"1111","city":"Berlin","zone_id":"1256","zone":"Berlin","zone_code":"BER","country_id":"81","country":"Germany","iso_code_2":"DE","iso_code_3":"DEU","address_format":"{company}\r\n{firstname} {lastname}\r\n{address_1}\r\n{address_2}\r\n{postcode} {city}\r\n{country}","custom_field":{"3":"https:\/\/rest-api.upskills.in"}}],"date_added":"19\/12\/2019"},{"customer_id":1677,"customer_group_id":1,"name":"abc defc","email":"abc@gmail.com","newsletter":0,"status":1,"approved":"","safe":0,"ip":"","telephone":"1-541-754-3010","reward_points":0,"account_custom_field":[],"custom_fields":[],"affiliate":[],"addresses":[],"date_added":"23\/08\/2020"},{"customer_id":1339,"customer_group_id":1,"name":"Abhay Pujari","email":"AbhayPujari@gmail.com","newsletter":0,"status":1,"approved":"","safe":0,"ip":"","telephone":"1-541-754-3010","reward_points":0,"account_custom_field":[],"custom_fields":[],"affiliate":[],"addresses":[],"date_added":"26\/07\/2020"},{"customer_id":1631,"customer_group_id":1,"name":"Abinaya User","email":"abigvnd2308@gmail.com","newsletter":1,"status":1,"approved":"","safe":1,"ip":"","telephone":"1-541-754-3010","reward_points":0,"account_custom_field":{"1":"custom field","2":"2"},"custom_fields":[],"affiliate":{"customer_id":"1631","company":"company","website":"http:\/\/demo.com","tracking":"Tracking23087982","commission":"3.00","tax":"99998888","payment":"paypal","cheque":"Demo","paypal":"demo@demo.com","bank_name":"Bank Name","bank_branch_number":"ABA\/BSB number (Branch Number)","bank_swift_code":"SWIFT Code","bank_account_name":"Account Name","bank_account_number":"Account Number","custom_field":{"1":"custom field"},"status":"1","date_added":"2020-08-23 06:19:09"},"addresses":[{"address_id":"537","customer_id":"1631","firstname":"Abinaya","lastname":"User","company":"XYZ LTD.","address_1":"Demo street","address_2":"Long street 33","postcode":"1111","city":"Berlin","zone_id":"1256","zone":"Berlin","zone_code":"BER","country_id":"81","country":"Germany","iso_code_2":"DE","iso_code_3":"DEU","address_format":"{company}\r\n{firstname} {lastname}\r\n{address_1}\r\n{address_2}\r\n{postcode} {city}\r\n{country}","custom_field":{"3":"https:\/\/rest-api.upskills.in"}}],"date_added":"23\/08\/2020"},{"customer_id":1641,"customer_group_id":1,"name":"Admin User","email":"nidhi1@gmail.com","newsletter":0,"status":1,"approved":"","safe":0,"ip":"182.68.21.6","telephone":"1-541-754-3010","reward_points":0,"account_custom_field":{"1":"+364545454"},"custom_fields":[],"affiliate":[],"addresses":[],"date_added":"23\/08\/2020"},{"customer_id":396,"customer_group_id":1,"name":"Admn UserMy","email":"admnuser100@gmail.com","newsletter":0,"status":1,"approved":"","safe":0,"ip":"","telephone":"1-541-754-3010","reward_points":0,"account_custom_field":[],"custom_fields":[],"affiliate":[],"addresses":[],"date_added":"15\/04\/2020"},{"customer_id":400,"customer_group_id":1,"name":"Admn UserMy","email":"admnuser101@gmail.com","newsletter":0,"status":1,"approved":"","safe":0,"ip":"","telephone":"1-541-754-3010","reward_points":0,"account_custom_field":[],"custom_fields":[],"affiliate":[],"addresses":[],"date_added":"16\/04\/2020"},{"customer_id":534,"customer_group_id":1,"name":"Ajitan Usererd","email":"nash1dsds@vipmail.com","newsletter":0,"status":1,"approved":"","safe":0,"ip":"","telephone":"1-541-754-3010","reward_points":0,"account_custom_field":[],"custom_fields":[],"affiliate":[],"addresses":[],"date_added":"11\/06\/2020"},{"customer_id":535,"customer_group_id":1,"name":"Ajitan Usererd","email":"nash1dsdss@vipmail.com","newsletter":0,"status":1,"approved":"","safe":0,"ip":"","telephone":"1-541-754-3010","reward_points":0,"account_custom_field":[],"custom_fields":[],"affiliate":[],"addresses":[],"date_added":"11\/06\/2020"},{"customer_id":537,"customer_group_id":1,"name":"Ajitan Usererd","email":"nas@vipmail.com","newsletter":0,"status":1,"approved":"","safe":0,"ip":"","telephone":"1-541-754-3010","reward_points":0,"account_custom_field":[],"custom_fields":[],"affiliate":[],"addresses":[],"date_added":"11\/06\/2020"},{"customer_id":322,"customer_group_id":1,"name":"Aniruddh Gupta","email":"aniruddh@gmail.com","newsletter":1,"status":1,"approved":"","safe":1,"ip":"","telephone":"1-541-754-3010","reward_points":"120","account_custom_field":{"1":"custom field","2":"2"},"custom_fields":[],"affiliate":{"customer_id":"322","company":"company","website":"http:\/\/demo.com","tracking":"Tracking number 22345","commission":"3.00","tax":"19988880","payment":"paypal","cheque":"Demo","paypal":"demo@demo.com","bank_name":"Bank Name","bank_branch_number":"ABA\/BSB number (Branch Number)","bank_swift_code":"SWIFT Code","bank_account_name":"Account Name","bank_account_number":"Account Number","custom_field":{"1":"custom field"},"status":"1","date_added":"2020-04-09 05:06:24"},"addresses":[{"address_id":"282","customer_id":"322","firstname":"Aniruddh","lastname":"Gupta","company":"ABC LTD.","address_1":"New Wave street","address_2":"Long street 33","postcode":"1111","city":"Bangalore","zone_id":"1256","zone":"Berlin","zone_code":"BER","country_id":"91","country":"Guinea-Bissau","iso_code_2":"GW","iso_code_3":"GNB","address_format":"","custom_field":{"3":"https:\/\/rest-api.upskills.in"}}],"date_added":"09\/04\/2020"},{"customer_id":1642,"customer_group_id":1,"name":"Anitha Raman","email":"aniraman@gmail.com","newsletter":0,"status":1,"approved":"","safe":0,"ip":"","telephone":"1-541-754-3010","reward_points":0,"account_custom_field":[],"custom_fields":[],"affiliate":[],"addresses":[],"date_added":"23\/08\/2020"},{"customer_id":1643,"customer_group_id":1,"name":"Anitha Raman","email":"aniraman1@gmail.com","newsletter":0,"status":1,"approved":"","safe":0,"ip":"","telephone":"1-541-754-3010","reward_points":0,"account_custom_field":[],"custom_fields":[],"affiliate":[],"addresses":[],"date_added":"23\/08\/2020"},{"customer_id":1644,"customer_group_id":1,"name":"Anitha Raman","email":"aniraman2@gmail.com","newsletter":0,"status":1,"approved":"","safe":0,"ip":"","telephone":"1-541-754-3010","reward_points":0,"account_custom_field":[],"custom_fields":[],"affiliate":[],"addresses":[],"date_added":"23\/08\/2020"},{"customer_id":1670,"customer_group_id":1,"name":"Anitha Raman","email":"aniraman4@gmail.com","newsletter":0,"status":1,"approved":"","safe":0,"ip":"","telephone":"1-541-754-3010","reward_points":0,"account_custom_field":[],"custom_fields":[],"affiliate":[],"addresses":[],"date_added":"23\/08\/2020"},{"customer_id":1672,"customer_group_id":1,"name":"Anitha Raman","email":"aniraman54@gmail.com","newsletter":0,"status":1,"approved":"","safe":0,"ip":"","telephone":"1-541-754-3010","reward_points":0,"account_custom_field":[],"custom_fields":[],"affiliate":[],"addresses":[],"date_added":"23\/08\/2020"},{"customer_id":1673,"customer_group_id":1,"name":"Anitha Raman","email":"aniraman46@gmail.com","newsletter":0,"status":1,"approved":"","safe":0,"ip":"","telephone":"1-541-754-3010","reward_points":0,"account_custom_field":[],"custom_fields":[],"affiliate":[],"addresses":[],"date_added":"23\/08\/2020"},{"customer_id":1674,"customer_group_id":1,"name":"Anitha Raman","email":"aniraman47@gmail.com","newsletter":0,"status":1,"approved":"","safe":0,"ip":"","telephone":"1-541-754-3010","reward_points":0,"account_custom_field":[],"custom_fields":[],"affiliate":[],"addresses":[],"date_added":"23\/08\/2020"},{"customer_id":1675,"customer_group_id":1,"name":"Anitha Raman","email":"aniraman48@gmail.com","newsletter":0,"status":1,"approved":"","safe":0,"ip":"","telephone":"1-541-754-3010","reward_points":0,"account_custom_field":[],"custom_fields":[],"affiliate":[],"addresses":[],"date_added":"23\/08\/2020"},{"customer_id":1676,"customer_group_id":1,"name":"Anitha Raman","email":"aniraman49@gmail.com","newsletter":0,"status":1,"approved":"","safe":0,"ip":"","telephone":"988-3010","reward_points":0,"account_custom_field":[],"custom_fields":[],"affiliate":[],"addresses":[],"date_added":"23\/08\/2020"}]}
2020-08-24 17:25:31,164 INFO  [SoapUITestCaseRunner] Assertion [Valid HTTP Status Codes] has status VALID
2020-08-24 17:25:31,168 INFO  [SoapUITestCaseRunner] Assertion [Script Assertion] has status VALID
2020-08-24 17:25:31,169 INFO  [SoapUITestCaseRunner] Assertion [Script Assertion 1] has status VALID
2020-08-24 17:25:31,174 INFO  [SoapUITestCaseRunner] running step [TC_005 Get list customer filtered by added from]
2020-08-24 17:25:31,666 INFO  [log] e83ac0c8b4a8a09a700bfbf81b430858d0630e2f
2020-08-24 17:25:32,040 INFO  [log] response code is 200
2020-08-24 17:25:32,041 INFO  [log] {"success":1,"error":[],"data":[{"customer_id":242,"customer_group_id":1,"name":"aaaa bbbb","email":"kkkk@gmail.com","newsletter":1,"status":1,"approved":"","safe":1,"ip":"","telephone":"2345678672","reward_points":0,"account_custom_field":{"1":"custom field","2":"2"},"custom_fields":[],"affiliate":{"customer_id":"242","company":"company","website":"http:\/\/demo.com","tracking":"2345678672","commission":"3.00","tax":"99988","payment":"paypal","cheque":"Demo","paypal":"demo@demo.com","bank_name":"Bank Name","bank_branch_number":"ABA\/BSB number (Branch Number)","bank_swift_code":"SWIFT Code","bank_account_name":"Account Name","bank_account_number":"Account Number","custom_field":{"1":"custom field"},"status":"1","date_added":"2019-12-19 12:32:14"},"addresses":[{"address_id":"234","customer_id":"242","firstname":"aaaa","lastname":"bbbb","company":"XYZ LTD.","address_1":"Demo street","address_2":"Long street 33","postcode":"1111","city":"Berlin","zone_id":"1256","zone":"Berlin","zone_code":"BER","country_id":"81","country":"Germany","iso_code_2":"DE","iso_code_3":"DEU","address_format":"{company}\r\n{firstname} {lastname}\r\n{address_1}\r\n{address_2}\r\n{postcode} {city}\r\n{country}","custom_field":{"3":"https:\/\/rest-api.upskills.in"}}],"date_added":"19\/12\/2019"},{"customer_id":1677,"customer_group_id":1,"name":"abc defc","email":"abc@gmail.com","newsletter":0,"status":1,"approved":"","safe":0,"ip":"","telephone":"1-541-754-3010","reward_points":0,"account_custom_field":[],"custom_fields":[],"affiliate":[],"addresses":[],"date_added":"23\/08\/2020"},{"customer_id":1339,"customer_group_id":1,"name":"Abhay Pujari","email":"AbhayPujari@gmail.com","newsletter":0,"status":1,"approved":"","safe":0,"ip":"","telephone":"1-541-754-3010","reward_points":0,"account_custom_field":[],"custom_fields":[],"affiliate":[],"addresses":[],"date_added":"26\/07\/2020"},{"customer_id":1631,"customer_group_id":1,"name":"Abinaya User","email":"abigvnd2308@gmail.com","newsletter":1,"status":1,"approved":"","safe":1,"ip":"","telephone":"1-541-754-3010","reward_points":0,"account_custom_field":{"1":"custom field","2":"2"},"custom_fields":[],"affiliate":{"customer_id":"1631","company":"company","website":"http:\/\/demo.com","tracking":"Tracking23087982","commission":"3.00","tax":"99998888","payment":"paypal","cheque":"Demo","paypal":"demo@demo.com","bank_name":"Bank Name","bank_branch_number":"ABA\/BSB number (Branch Number)","bank_swift_code":"SWIFT Code","bank_account_name":"Account Name","bank_account_number":"Account Number","custom_field":{"1":"custom field"},"status":"1","date_added":"2020-08-23 06:19:09"},"addresses":[{"address_id":"537","customer_id":"1631","firstname":"Abinaya","lastname":"User","company":"XYZ LTD.","address_1":"Demo street","address_2":"Long street 33","postcode":"1111","city":"Berlin","zone_id":"1256","zone":"Berlin","zone_code":"BER","country_id":"81","country":"Germany","iso_code_2":"DE","iso_code_3":"DEU","address_format":"{company}\r\n{firstname} {lastname}\r\n{address_1}\r\n{address_2}\r\n{postcode} {city}\r\n{country}","custom_field":{"3":"https:\/\/rest-api.upskills.in"}}],"date_added":"23\/08\/2020"},{"customer_id":1641,"customer_group_id":1,"name":"Admin User","email":"nidhi1@gmail.com","newsletter":0,"status":1,"approved":"","safe":0,"ip":"182.68.21.6","telephone":"1-541-754-3010","reward_points":0,"account_custom_field":{"1":"+364545454"},"custom_fields":[],"affiliate":[],"addresses":[],"date_added":"23\/08\/2020"},{"customer_id":396,"customer_group_id":1,"name":"Admn UserMy","email":"admnuser100@gmail.com","newsletter":0,"status":1,"approved":"","safe":0,"ip":"","telephone":"1-541-754-3010","reward_points":0,"account_custom_field":[],"custom_fields":[],"affiliate":[],"addresses":[],"date_added":"15\/04\/2020"},{"customer_id":400,"customer_group_id":1,"name":"Admn UserMy","email":"admnuser101@gmail.com","newsletter":0,"status":1,"approved":"","safe":0,"ip":"","telephone":"1-541-754-3010","reward_points":0,"account_custom_field":[],"custom_fields":[],"affiliate":[],"addresses":[],"date_added":"16\/04\/2020"},{"customer_id":534,"customer_group_id":1,"name":"Ajitan Usererd","email":"nash1dsds@vipmail.com","newsletter":0,"status":1,"approved":"","safe":0,"ip":"","telephone":"1-541-754-3010","reward_points":0,"account_custom_field":[],"custom_fields":[],"affiliate":[],"addresses":[],"date_added":"11\/06\/2020"},{"customer_id":535,"customer_group_id":1,"name":"Ajitan Usererd","email":"nash1dsdss@vipmail.com","newsletter":0,"status":1,"approved":"","safe":0,"ip":"","telephone":"1-541-754-3010","reward_points":0,"account_custom_field":[],"custom_fields":[],"affiliate":[],"addresses":[],"date_added":"11\/06\/2020"},{"customer_id":537,"customer_group_id":1,"name":"Ajitan Usererd","email":"nas@vipmail.com","newsletter":0,"status":1,"approved":"","safe":0,"ip":"","telephone":"1-541-754-3010","reward_points":0,"account_custom_field":[],"custom_fields":[],"affiliate":[],"addresses":[],"date_added":"11\/06\/2020"},{"customer_id":322,"customer_group_id":1,"name":"Aniruddh Gupta","email":"aniruddh@gmail.com","newsletter":1,"status":1,"approved":"","safe":1,"ip":"","telephone":"1-541-754-3010","reward_points":"120","account_custom_field":{"1":"custom field","2":"2"},"custom_fields":[],"affiliate":{"customer_id":"322","company":"company","website":"http:\/\/demo.com","tracking":"Tracking number 22345","commission":"3.00","tax":"19988880","payment":"paypal","cheque":"Demo","paypal":"demo@demo.com","bank_name":"Bank Name","bank_branch_number":"ABA\/BSB number (Branch Number)","bank_swift_code":"SWIFT Code","bank_account_name":"Account Name","bank_account_number":"Account Number","custom_field":{"1":"custom field"},"status":"1","date_added":"2020-04-09 05:06:24"},"addresses":[{"address_id":"282","customer_id":"322","firstname":"Aniruddh","lastname":"Gupta","company":"ABC LTD.","address_1":"New Wave street","address_2":"Long street 33","postcode":"1111","city":"Bangalore","zone_id":"1256","zone":"Berlin","zone_code":"BER","country_id":"91","country":"Guinea-Bissau","iso_code_2":"GW","iso_code_3":"GNB","address_format":"","custom_field":{"3":"https:\/\/rest-api.upskills.in"}}],"date_added":"09\/04\/2020"},{"customer_id":1642,"customer_group_id":1,"name":"Anitha Raman","email":"aniraman@gmail.com","newsletter":0,"status":1,"approved":"","safe":0,"ip":"","telephone":"1-541-754-3010","reward_points":0,"account_custom_field":[],"custom_fields":[],"affiliate":[],"addresses":[],"date_added":"23\/08\/2020"},{"customer_id":1643,"customer_group_id":1,"name":"Anitha Raman","email":"aniraman1@gmail.com","newsletter":0,"status":1,"approved":"","safe":0,"ip":"","telephone":"1-541-754-3010","reward_points":0,"account_custom_field":[],"custom_fields":[],"affiliate":[],"addresses":[],"date_added":"23\/08\/2020"},{"customer_id":1644,"customer_group_id":1,"name":"Anitha Raman","email":"aniraman2@gmail.com","newsletter":0,"status":1,"approved":"","safe":0,"ip":"","telephone":"1-541-754-3010","reward_points":0,"account_custom_field":[],"custom_fields":[],"affiliate":[],"addresses":[],"date_added":"23\/08\/2020"},{"customer_id":1670,"customer_group_id":1,"name":"Anitha Raman","email":"aniraman4@gmail.com","newsletter":0,"status":1,"approved":"","safe":0,"ip":"","telephone":"1-541-754-3010","reward_points":0,"account_custom_field":[],"custom_fields":[],"affiliate":[],"addresses":[],"date_added":"23\/08\/2020"},{"customer_id":1672,"customer_group_id":1,"name":"Anitha Raman","email":"aniraman54@gmail.com","newsletter":0,"status":1,"approved":"","safe":0,"ip":"","telephone":"1-541-754-3010","reward_points":0,"account_custom_field":[],"custom_fields":[],"affiliate":[],"addresses":[],"date_added":"23\/08\/2020"},{"customer_id":1673,"customer_group_id":1,"name":"Anitha Raman","email":"aniraman46@gmail.com","newsletter":0,"status":1,"approved":"","safe":0,"ip":"","telephone":"1-541-754-3010","reward_points":0,"account_custom_field":[],"custom_fields":[],"affiliate":[],"addresses":[],"date_added":"23\/08\/2020"},{"customer_id":1674,"customer_group_id":1,"name":"Anitha Raman","email":"aniraman47@gmail.com","newsletter":0,"status":1,"approved":"","safe":0,"ip":"","telephone":"1-541-754-3010","reward_points":0,"account_custom_field":[],"custom_fields":[],"affiliate":[],"addresses":[],"date_added":"23\/08\/2020"},{"customer_id":1675,"customer_group_id":1,"name":"Anitha Raman","email":"aniraman48@gmail.com","newsletter":0,"status":1,"approved":"","safe":0,"ip":"","telephone":"1-541-754-3010","reward_points":0,"account_custom_field":[],"custom_fields":[],"affiliate":[],"addresses":[],"date_added":"23\/08\/2020"},{"customer_id":1676,"customer_group_id":1,"name":"Anitha Raman","email":"aniraman49@gmail.com","newsletter":0,"status":1,"approved":"","safe":0,"ip":"","telephone":"988-3010","reward_points":0,"account_custom_field":[],"custom_fields":[],"affiliate":[],"addresses":[],"date_added":"23\/08\/2020"}]}
2020-08-24 17:25:32,212 INFO  [SoapUITestCaseRunner] Assertion [Valid HTTP Status Codes] has status VALID
2020-08-24 17:25:32,214 INFO  [SoapUITestCaseRunner] Assertion [Script Assertion] has status VALID
2020-08-24 17:25:32,217 INFO  [SoapUITestCaseRunner] running step [TC_002-Logout - TC_002-Logout]
2020-08-24 17:25:32,682 INFO  [log] e83ac0c8b4a8a09a700bfbf81b430858d0630e2f
2020-08-24 17:25:33,006 INFO  [log] response code is 403
2020-08-24 17:25:33,007 INFO  [log] something went wrong
2020-08-24 17:25:33,010 INFO  [SoapUITestCaseRunner] Assertion [Valid HTTP Status Codes] has status VALID
2020-08-24 17:25:33,011 INFO  [SoapUITestCaseRunner] Assertion [Script Assertion] has status VALID
2020-08-24 17:25:33,025 INFO  [SoapUITestCaseRunner] Finished running SoapUI testcase [End to end Testing], time taken: 3413ms, status: FINISHED
2020-08-24 17:25:33,039 INFO  [SoapUITestCaseRunner] Project [REST Project-Assignment] finished with status [FINISHED] in 7861ms
2020-08-24 17:25:36,804 WARN  [Tools] Could not delete temporary directory C:\Users\ABINAY~1\AppData\Local\Temp\e9ef0cdd-6f64-4096-a89d-7312a46d8ee3
2020-08-24 17:25:36,810 WARN  [Tools] Could not delete temporary directory C:\Users\ABINAY~1\AppData\Local\Temp\22f16c99-72e3-4863-b30b-baebeb682b51
